0 info it worked if it ends with ok
1 verbose cli [ '/usr/local/bin/node',
1 verbose cli   '/usr/local/bin/npm',
1 verbose cli   'install',
1 verbose cli   'mongoose',
1 verbose cli   '--save' ]
2 info using npm@3.3.12
3 info using node@v5.3.0
4 verbose config Skipping project config: /Users/Ninico/.npmrc. (matches userconfig)
5 silly loadCurrentTree Starting
6 silly install loadCurrentTree
7 silly install readLocalPackageData
8 silly fetchPackageMetaData mongoose
9 silly fetchNamedPackageData mongoose
10 silly mapToRegistry name mongoose
11 silly mapToRegistry using default registry
12 silly mapToRegistry registry https://registry.npmjs.org/
13 silly mapToRegistry uri https://registry.npmjs.org/mongoose
14 verbose request uri https://registry.npmjs.org/mongoose
15 verbose request no auth needed
16 info attempt registry request try #1 at 20:05:50
17 verbose request id 302e5f7269258f28
18 verbose etag "5GN6BIC0VRKVC20MGBP7QBTRR"
19 http request GET https://registry.npmjs.org/mongoose
20 http 200 https://registry.npmjs.org/mongoose
21 verbose headers { server: 'CouchDB/1.5.0 (Erlang OTP/R16B03)',
21 verbose headers   etag: '"EMUJM9CKR7GF504S4RWFVAKIW"',
21 verbose headers   'content-type': 'application/json',
21 verbose headers   'cache-control': 'max-age=300',
21 verbose headers   'content-length': '417622',
21 verbose headers   'accept-ranges': 'bytes',
21 verbose headers   date: 'Tue, 19 Jan 2016 12:05:32 GMT',
21 verbose headers   via: '1.1 varnish',
21 verbose headers   age: '209',
21 verbose headers   connection: 'keep-alive',
21 verbose headers   'x-served-by': 'cache-ams4141-AMS',
21 verbose headers   'x-cache': 'HIT',
21 verbose headers   'x-cache-hits': '2',
21 verbose headers   'x-timer': 'S1453205132.075171,VS0,VE0',
21 verbose headers   vary: 'Accept' }
22 silly get cb [ 200,
22 silly get   { server: 'CouchDB/1.5.0 (Erlang OTP/R16B03)',
22 silly get     etag: '"EMUJM9CKR7GF504S4RWFVAKIW"',
22 silly get     'content-type': 'application/json',
22 silly get     'cache-control': 'max-age=300',
22 silly get     'content-length': '417622',
22 silly get     'accept-ranges': 'bytes',
22 silly get     date: 'Tue, 19 Jan 2016 12:05:32 GMT',
22 silly get     via: '1.1 varnish',
22 silly get     age: '209',
22 silly get     connection: 'keep-alive',
22 silly get     'x-served-by': 'cache-ams4141-AMS',
22 silly get     'x-cache': 'HIT',
22 silly get     'x-cache-hits': '2',
22 silly get     'x-timer': 'S1453205132.075171,VS0,VE0',
22 silly get     vary: 'Accept' } ]
23 verbose get saving mongoose to /Users/Ninico/.npm/registry.npmjs.org/mongoose/.cache.json
24 silly install normalizeTree
25 silly loadCurrentTree Finishing
26 silly loadIdealTree Starting
27 silly install loadIdealTree
28 silly cloneCurrentTree Starting
29 silly install cloneCurrentTreeToIdealTree
30 silly cloneCurrentTree Finishing
31 silly loadShrinkwrap Starting
32 silly install loadShrinkwrap
33 silly loadShrinkwrap Finishing
34 silly loadAllDepsIntoIdealTree Starting
35 silly install loadAllDepsIntoIdealTree
36 silly resolveWithNewModule mongoose@4.3.6 checking installable status
37 silly cache add args [ 'mongoose', null ]
38 verbose cache add spec mongoose
39 silly cache add parsed spec Result {
39 silly cache add   raw: 'mongoose',
39 silly cache add   scope: null,
39 silly cache add   name: 'mongoose',
39 silly cache add   rawSpec: '',
39 silly cache add   spec: '*',
39 silly cache add   type: 'range' }
40 silly addNamed mongoose@*
41 verbose addNamed "*" is a valid semver range for mongoose
42 silly addNameRange { name: 'mongoose', range: '*', hasData: false }
43 silly mapToRegistry name mongoose
44 silly mapToRegistry using default registry
45 silly mapToRegistry registry https://registry.npmjs.org/
46 silly mapToRegistry uri https://registry.npmjs.org/mongoose
47 verbose addNameRange registry:https://registry.npmjs.org/mongoose not in flight; fetching
48 verbose get https://registry.npmjs.org/mongoose not expired, no request
49 silly addNameRange number 2 { name: 'mongoose', range: '*', hasData: true }
50 silly addNameRange versions [ 'mongoose',
50 silly addNameRange   [ '0.0.1',
50 silly addNameRange     '0.0.2',
50 silly addNameRange     '0.0.3',
50 silly addNameRange     '0.0.4',
50 silly addNameRange     '0.0.5',
50 silly addNameRange     '1.0.0',
50 silly addNameRange     '1.0.1',
50 silly addNameRange     '1.0.2',
50 silly addNameRange     '0.0.6',
50 silly addNameRange     '1.0.3',
50 silly addNameRange     '1.0.4',
50 silly addNameRange     '1.0.5',
50 silly addNameRange     '1.0.6',
50 silly addNameRange     '1.0.7',
50 silly addNameRange     '1.0.8',
50 silly addNameRange     '1.0.10',
50 silly addNameRange     '1.0.11',
50 silly addNameRange     '1.0.12',
50 silly addNameRange     '1.0.13',
50 silly addNameRange     '1.0.14',
50 silly addNameRange     '1.0.15',
50 silly addNameRange     '1.0.16',
50 silly addNameRange     '1.1.0',
50 silly addNameRange     '1.1.1',
50 silly addNameRange     '1.1.2',
50 silly addNameRange     '1.1.3',
50 silly addNameRange     '1.1.4',
50 silly addNameRange     '1.1.5',
50 silly addNameRange     '1.1.6',
50 silly addNameRange     '1.1.7',
50 silly addNameRange     '1.1.8',
50 silly addNameRange     '1.1.9',
50 silly addNameRange     '1.1.10',
50 silly addNameRange     '1.1.11',
50 silly addNameRange     '1.1.12',
50 silly addNameRange     '1.1.13',
50 silly addNameRange     '1.1.14',
50 silly addNameRange     '1.1.15',
50 silly addNameRange     '1.1.16',
50 silly addNameRange     '1.1.17',
50 silly addNameRange     '1.1.18',
50 silly addNameRange     '1.1.19',
50 silly addNameRange     '1.1.20',
50 silly addNameRange     '1.1.21',
50 silly addNameRange     '1.1.22',
50 silly addNameRange     '1.1.23',
50 silly addNameRange     '1.1.24',
50 silly addNameRange     '1.1.25',
50 silly addNameRange     '1.2.0',
50 silly addNameRange     '1.3.0',
50 silly addNameRange     '1.3.1',
50 silly addNameRange     '1.3.2',
50 silly addNameRange     '1.3.3',
50 silly addNameRange     '1.3.4',
50 silly addNameRange     '1.3.5',
50 silly addNameRange     '1.3.6',
50 silly addNameRange     '1.3.7',
50 silly addNameRange     '1.4.0',
50 silly addNameRange     '1.5.0',
50 silly addNameRange     '1.6.0',
50 silly addNameRange     '1.7.2',
50 silly addNameRange     '1.7.3',
50 silly addNameRange     '1.7.4',
50 silly addNameRange     '1.8.0',
50 silly addNameRange     '1.8.1',
50 silly addNameRange     '1.8.2',
50 silly addNameRange     '1.8.3',
50 silly addNameRange     '1.8.4',
50 silly addNameRange     '2.0.0',
50 silly addNameRange     '2.0.1',
50 silly addNameRange     '2.0.2',
50 silly addNameRange     '2.0.3',
50 silly addNameRange     '2.0.4',
50 silly addNameRange     '2.1.0',
50 silly addNameRange     '2.1.1',
50 silly addNameRange     '2.1.2',
50 silly addNameRange     '2.1.3',
50 silly addNameRange     '2.1.4',
50 silly addNameRange     '2.2.0',
50 silly addNameRange     '2.2.1',
50 silly addNameRange     '2.2.2',
50 silly addNameRange     '2.2.3',
50 silly addNameRange     '2.2.4',
50 silly addNameRange     '2.3.0',
50 silly addNameRange     '2.3.1',
50 silly addNameRange     '2.3.2',
50 silly addNameRange     '2.3.3',
50 silly addNameRange     '2.3.4',
50 silly addNameRange     '2.3.5',
50 silly addNameRange     '2.3.6',
50 silly addNameRange     '2.3.7',
50 silly addNameRange     '2.3.8',
50 silly addNameRange     '2.3.9',
50 silly addNameRange     '2.3.10',
50 silly addNameRange     '2.3.11',
50 silly addNameRange     '2.3.12',
50 silly addNameRange     '2.3.13',
50 silly addNameRange     '2.4.0',
50 silly addNameRange     '2.4.1',
50 silly addNameRange     '2.4.2',
50 silly addNameRange     '2.4.3',
50 silly addNameRange     '2.4.4',
50 silly addNameRange     '2.4.5',
50 silly addNameRange     '2.4.6',
50 silly addNameRange     '2.4.7',
50 silly addNameRange     '2.4.8',
50 silly addNameRange     '2.4.9',
50 silly addNameRange     '2.4.10',
50 silly addNameRange     '2.5.0',
50 silly addNameRange     '2.5.1',
50 silly addNameRange     '2.5.2',
50 silly addNameRange     '2.5.3',
50 silly addNameRange     '2.5.4',
50 silly addNameRange     '2.5.5',
50 silly addNameRange     '2.5.6',
50 silly addNameRange     '2.5.7',
50 silly addNameRange     '2.5.8',
50 silly addNameRange     '2.5.9',
50 silly addNameRange     '2.5.10',
50 silly addNameRange     '2.5.11',
50 silly addNameRange     '2.5.12',
50 silly addNameRange     '2.5.13',
50 silly addNameRange     '2.5.14',
50 silly addNameRange     '2.6.0',
50 silly addNameRange     '2.6.1',
50 silly addNameRange     '2.6.2',
50 silly addNameRange     '2.6.3',
50 silly addNameRange     '2.6.4',
50 silly addNameRange     '2.6.5',
50 silly addNameRange     '2.6.6',
50 silly addNameRange     '2.6.7',
50 silly addNameRange     '2.6.8',
50 silly addNameRange     '2.7.0',
50 silly addNameRange     '2.7.1',
50 silly addNameRange     '2.7.2',
50 silly addNameRange     '2.7.4',
50 silly addNameRange     '2.7.3',
50 silly addNameRange     '3.0.0',
50 silly addNameRange     '3.0.1',
50 silly addNameRange     '3.0.2',
50 silly addNameRange     '2.8.0',
50 silly addNameRange     '3.0.3',
50 silly addNameRange     '3.1.0',
50 silly addNameRange     '2.8.1',
50 silly addNameRange     '3.1.1',
50 silly addNameRange     '2.8.2',
50 silly addNameRange     '2.8.3',
50 silly addNameRange     '2.9.0',
50 silly addNameRange     '3.2.0',
50 silly addNameRange     '2.9.1',
50 silly addNameRange     '3.2.1',
50 silly addNameRange     '2.9.2',
50 silly addNameRange     '3.2.2',
50 silly addNameRange     '3.3.0',
50 silly addNameRange     '3.3.1',
50 silly addNameRange     '2.9.3',
50 silly addNameRange     '3.4.0',
50 silly addNameRange     '2.9.4',
50 silly addNameRange     '2.9.5',
50 silly addNameRange     '3.5.0',
50 silly addNameRange     '3.5.1',
50 silly addNameRange     '3.5.2',
50 silly addNameRange     '3.5.3',
50 silly addNameRange     '2.9.6',
50 silly addNameRange     '2.9.7',
50 silly addNameRange     '3.5.4',
50 silly addNameRange     '3.5.5',
50 silly addNameRange     '2.9.8',
50 silly addNameRange     '2.9.9',
50 silly addNameRange     '3.5.6',
50 silly addNameRange     '3.5.7',
50 silly addNameRange     '3.5.8',
50 silly addNameRange     '2.9.10',
50 silly addNameRange     '3.5.9',
50 silly addNameRange     '3.6.2',
50 silly addNameRange     '3.5.10',
50 silly addNameRange     '3.6.3',
50 silly addNameRange     '3.5.11',
50 silly addNameRange     '3.6.4',
50 silly addNameRange     '3.6.5',
50 silly addNameRange     '3.6.6',
50 silly addNameRange     '3.6.7',
50 silly addNameRange     '3.5.12',
50 silly addNameRange     '3.6.8',
50 silly addNameRange     '3.6.9',
50 silly addNameRange     '3.6.10',
50 silly addNameRange     '3.5.13',
50 silly addNameRange     '3.5.14',
50 silly addNameRange     '3.6.11',
50 silly addNameRange     '3.6.12',
50 silly addNameRange     '3.6.13',
50 silly addNameRange     '3.6.14',
50 silly addNameRange     '3.6.15',
50 silly addNameRange     '3.5.15',
50 silly addNameRange     '3.7.0',
50 silly addNameRange     '3.6.16',
50 silly addNameRange     '3.5.16',
50 silly addNameRange     '3.6.17',
50 silly addNameRange     '3.7.2',
50 silly addNameRange     '3.0.0-alpha1',
50 silly addNameRange     '3.0.0-alpha2',
50 silly addNameRange     '3.0.0-rc0',
50 silly addNameRange     '3.6.0-rc0',
50 silly addNameRange     '3.6.0-rc1',
50 silly addNameRange     '3.6.18',
50 silly addNameRange     '3.7.3',
50 silly addNameRange     '3.6.19',
50 silly addNameRange     '3.6.20',
50 silly addNameRange     '3.7.4',
50 silly addNameRange     '3.8.0',
50 silly addNameRange     '3.8.1',
50 silly addNameRange     '3.8.2',
50 silly addNameRange     '3.8.3',
50 silly addNameRange     '3.8.4',
50 silly addNameRange     '3.8.5',
50 silly addNameRange     '3.8.6',
50 silly addNameRange     '3.8.7',
50 silly addNameRange     '3.8.8',
50 silly addNameRange     '3.8.9',
50 silly addNameRange     '3.8.10',
50 silly addNameRange     '3.8.11',
50 silly addNameRange     '3.9.0',
50 silly addNameRange     '3.8.12',
50 silly addNameRange     '3.8.13',
50 silly addNameRange     '3.8.14',
50 silly addNameRange     '3.8.15',
50 silly addNameRange     '3.9.1',
50 silly addNameRange     '3.8.16',
50 silly addNameRange     '3.9.2',
50 silly addNameRange     '3.8.17',
50 silly addNameRange     '3.9.3',
50 silly addNameRange     '3.8.18',
50 silly addNameRange     '3.9.4',
50 silly addNameRange     '3.8.19',
50 silly addNameRange     '3.9.5',
50 silly addNameRange     '3.8.20',
50 silly addNameRange     '3.9.6',
50 silly addNameRange     '3.8.21',
50 silly addNameRange     '3.9.7',
50 silly addNameRange     '3.8.22',
50 silly addNameRange     '4.0.0-rc0',
50 silly addNameRange     '4.0.0-rc1',
50 silly addNameRange     '3.8.23',
50 silly addNameRange     '4.0.0-rc2',
50 silly addNameRange     '3.8.24',
50 silly addNameRange     '4.0.0-rc3',
50 silly addNameRange     '3.8.25',
50 silly addNameRange     '4.0.0-rc4',
50 silly addNameRange     '4.0.0',
50 silly addNameRange     '4.0.1',
50 silly addNameRange     '3.8.26',
50 silly addNameRange     '3.8.27',
50 silly addNameRange     '4.0.2',
50 silly addNameRange     '3.8.28',
50 silly addNameRange     '4.0.3',
50 silly addNameRange     '3.8.29',
50 silly addNameRange     '4.0.4',
50 silly addNameRange     '3.8.30',
50 silly addNameRange     '4.0.5',
50 silly addNameRange     '3.8.31',
50 silly addNameRange     '4.0.6',
50 silly addNameRange     '3.8.33',
50 silly addNameRange     '4.0.7',
50 silly addNameRange     '3.8.34',
50 silly addNameRange     '4.0.8',
50 silly addNameRange     '4.1.0',
50 silly addNameRange     '4.1.1',
50 silly addNameRange     '4.1.2',
50 silly addNameRange     '3.8.35',
50 silly addNameRange     '4.1.3',
50 silly addNameRange     '4.1.5',
50 silly addNameRange     '4.1.6',
50 silly addNameRange     '4.1.7',
50 silly addNameRange     '4.1.8',
50 silly addNameRange     '4.1.9',
50 silly addNameRange     '4.1.10',
50 silly addNameRange     '4.1.11',
50 silly addNameRange     '3.8.36',
50 silly addNameRange     '4.1.12',
50 silly addNameRange     '4.2.0',
50 silly addNameRange     '4.2.1',
50 silly addNameRange     '4.2.2',
50 silly addNameRange     '4.2.3',
50 silly addNameRange     '4.2.4',
50 silly addNameRange     '4.2.5',
50 silly addNameRange     '3.8.37',
50 silly addNameRange     '4.2.6',
50 silly addNameRange     '4.2.7',
50 silly addNameRange     '4.2.8',
50 silly addNameRange     '4.2.9',
50 silly addNameRange     '4.2.10',
50 silly addNameRange     '4.3.0',
50 silly addNameRange     '4.3.1',
50 silly addNameRange     '4.3.2',
50 silly addNameRange     '4.3.3',
50 silly addNameRange     '4.3.4',
50 silly addNameRange     '3.8.38',
50 silly addNameRange     '4.3.5',
50 silly addNameRange     '4.3.6',
50 silly addNameRange     '3.8.39' ] ]
51 silly addNamed mongoose@4.3.6
52 verbose addNamed "4.3.6" is a plain semver version for mongoose
53 silly cache afterAdd mongoose@4.3.6
54 verbose afterAdd /Users/Ninico/.npm/mongoose/4.3.6/package/package.json not in flight; writing
55 verbose afterAdd /Users/Ninico/.npm/mongoose/4.3.6/package/package.json written
56 silly fetchNamedPackageData bson
57 silly mapToRegistry name bson
58 silly mapToRegistry using default registry
59 silly mapToRegistry registry https://registry.npmjs.org/
60 silly mapToRegistry uri https://registry.npmjs.org/bson
61 silly fetchNamedPackageData mongodb
62 silly mapToRegistry name mongodb
63 silly mapToRegistry using default registry
64 silly mapToRegistry registry https://registry.npmjs.org/
65 silly mapToRegistry uri https://registry.npmjs.org/mongodb
66 verbose request uri https://registry.npmjs.org/bson
67 verbose request no auth needed
68 info attempt registry request try #1 at 20:05:58
69 verbose etag "16AFXJCBL01LM5DXGRFZ9YFRN"
70 http request GET https://registry.npmjs.org/bson
71 verbose request uri https://registry.npmjs.org/mongodb
72 verbose request no auth needed
73 info attempt registry request try #1 at 20:05:58
74 verbose etag "62LKLQ2IGL60LF4HOWGUNITRA"
75 http request GET https://registry.npmjs.org/mongodb
76 http 304 https://registry.npmjs.org/bson
77 verbose headers { date: 'Tue, 19 Jan 2016 12:05:38 GMT',
77 verbose headers   via: '1.1 varnish',
77 verbose headers   'cache-control': 'max-age=300',
77 verbose headers   etag: '"16AFXJCBL01LM5DXGRFZ9YFRN"',
77 verbose headers   age: '122',
77 verbose headers   connection: 'keep-alive',
77 verbose headers   'x-served-by': 'cache-ams4141-AMS',
77 verbose headers   'x-cache': 'HIT',
77 verbose headers   'x-cache-hits': '1',
77 verbose headers   'x-timer': 'S1453205138.579214,VS0,VE0',
77 verbose headers   vary: 'Accept' }
78 silly get cb [ 304,
78 silly get   { date: 'Tue, 19 Jan 2016 12:05:38 GMT',
78 silly get     via: '1.1 varnish',
78 silly get     'cache-control': 'max-age=300',
78 silly get     etag: '"16AFXJCBL01LM5DXGRFZ9YFRN"',
78 silly get     age: '122',
78 silly get     connection: 'keep-alive',
78 silly get     'x-served-by': 'cache-ams4141-AMS',
78 silly get     'x-cache': 'HIT',
78 silly get     'x-cache-hits': '1',
78 silly get     'x-timer': 'S1453205138.579214,VS0,VE0',
78 silly get     vary: 'Accept' } ]
79 verbose etag https://registry.npmjs.org/bson from cache
80 verbose get saving bson to /Users/Ninico/.npm/registry.npmjs.org/bson/.cache.json
81 silly resolveWithNewModule bson@0.4.21 checking installable status
82 silly cache add args [ 'bson@0.4.21', null ]
83 verbose cache add spec bson@0.4.21
84 silly cache add parsed spec Result {
84 silly cache add   raw: 'bson@0.4.21',
84 silly cache add   scope: null,
84 silly cache add   name: 'bson',
84 silly cache add   rawSpec: '0.4.21',
84 silly cache add   spec: '0.4.21',
84 silly cache add   type: 'version' }
85 silly addNamed bson@0.4.21
86 verbose addNamed "0.4.21" is a plain semver version for bson
87 silly mapToRegistry name bson
88 silly mapToRegistry using default registry
89 silly mapToRegistry registry https://registry.npmjs.org/
90 silly mapToRegistry uri https://registry.npmjs.org/bson
91 verbose addNameVersion registry:https://registry.npmjs.org/bson not in flight; fetching
92 verbose get https://registry.npmjs.org/bson not expired, no request
93 silly cache afterAdd bson@0.4.21
94 verbose afterAdd /Users/Ninico/.npm/bson/0.4.21/package/package.json not in flight; writing
95 verbose afterAdd /Users/Ninico/.npm/bson/0.4.21/package/package.json written
96 http 200 https://registry.npmjs.org/mongodb
97 verbose headers { server: 'CouchDB/1.5.0 (Erlang OTP/R16B03)',
97 verbose headers   etag: '"68MMVW47XY84AK7SI4DRG1WUO"',
97 verbose headers   'content-type': 'application/json',
97 verbose headers   'cache-control': 'max-age=300',
97 verbose headers   'content-length': '508494',
97 verbose headers   'accept-ranges': 'bytes',
97 verbose headers   date: 'Tue, 19 Jan 2016 12:05:38 GMT',
97 verbose headers   via: '1.1 varnish',
97 verbose headers   age: '215',
97 verbose headers   connection: 'keep-alive',
97 verbose headers   'x-served-by': 'cache-ams4124-AMS',
97 verbose headers   'x-cache': 'HIT',
97 verbose headers   'x-cache-hits': '347',
97 verbose headers   'x-timer': 'S1453205138.542077,VS0,VE0',
97 verbose headers   vary: 'Accept' }
98 silly get cb [ 200,
98 silly get   { server: 'CouchDB/1.5.0 (Erlang OTP/R16B03)',
98 silly get     etag: '"68MMVW47XY84AK7SI4DRG1WUO"',
98 silly get     'content-type': 'application/json',
98 silly get     'cache-control': 'max-age=300',
98 silly get     'content-length': '508494',
98 silly get     'accept-ranges': 'bytes',
98 silly get     date: 'Tue, 19 Jan 2016 12:05:38 GMT',
98 silly get     via: '1.1 varnish',
98 silly get     age: '215',
98 silly get     connection: 'keep-alive',
98 silly get     'x-served-by': 'cache-ams4124-AMS',
98 silly get     'x-cache': 'HIT',
98 silly get     'x-cache-hits': '347',
98 silly get     'x-timer': 'S1453205138.542077,VS0,VE0',
98 silly get     vary: 'Accept' } ]
99 verbose get saving mongodb to /Users/Ninico/.npm/registry.npmjs.org/mongodb/.cache.json
100 silly resolveWithNewModule mongodb@2.1.4 checking installable status
101 silly cache add args [ 'mongodb@2.1.4', null ]
102 verbose cache add spec mongodb@2.1.4
103 silly cache add parsed spec Result {
103 silly cache add   raw: 'mongodb@2.1.4',
103 silly cache add   scope: null,
103 silly cache add   name: 'mongodb',
103 silly cache add   rawSpec: '2.1.4',
103 silly cache add   spec: '2.1.4',
103 silly cache add   type: 'version' }
104 silly addNamed mongodb@2.1.4
105 verbose addNamed "2.1.4" is a plain semver version for mongodb
106 silly mapToRegistry name mongodb
107 silly mapToRegistry using default registry
108 silly mapToRegistry registry https://registry.npmjs.org/
109 silly mapToRegistry uri https://registry.npmjs.org/mongodb
110 verbose addNameVersion registry:https://registry.npmjs.org/mongodb not in flight; fetching
111 verbose get https://registry.npmjs.org/mongodb not expired, no request
112 silly cache afterAdd mongodb@2.1.4
113 verbose afterAdd /Users/Ninico/.npm/mongodb/2.1.4/package/package.json not in flight; writing
114 verbose afterAdd /Users/Ninico/.npm/mongodb/2.1.4/package/package.json written
115 silly fetchNamedPackageData mongodb-core
116 silly mapToRegistry name mongodb-core
117 silly mapToRegistry using default registry
118 silly mapToRegistry registry https://registry.npmjs.org/
119 silly mapToRegistry uri https://registry.npmjs.org/mongodb-core
120 silly fetchNamedPackageData readable-stream
121 silly mapToRegistry name readable-stream
122 silly mapToRegistry using default registry
123 silly mapToRegistry registry https://registry.npmjs.org/
124 silly mapToRegistry uri https://registry.npmjs.org/readable-stream
125 verbose request uri https://registry.npmjs.org/mongodb-core
126 verbose request no auth needed
127 info attempt registry request try #1 at 20:06:18
128 verbose etag "5S10O0E1B6RR2NGFCG9ZTZ7"
129 http request GET https://registry.npmjs.org/mongodb-core
130 verbose request uri https://registry.npmjs.org/readable-stream
131 verbose request no auth needed
132 info attempt registry request try #1 at 20:06:18
133 verbose etag "3EOIL5JTL47JFABLY3LGTYV7"
134 http request GET https://registry.npmjs.org/readable-stream
135 http 304 https://registry.npmjs.org/readable-stream
136 verbose headers { date: 'Tue, 19 Jan 2016 12:05:58 GMT',
136 verbose headers   via: '1.1 varnish',
136 verbose headers   'cache-control': 'max-age=300',
136 verbose headers   etag: '"3EOIL5JTL47JFABLY3LGTYV7"',
136 verbose headers   age: '80',
136 verbose headers   connection: 'keep-alive',
136 verbose headers   'x-served-by': 'cache-ams4145-AMS',
136 verbose headers   'x-cache': 'HIT',
136 verbose headers   'x-cache-hits': '14',
136 verbose headers   'x-timer': 'S1453205158.774224,VS0,VE0',
136 verbose headers   vary: 'Accept' }
137 silly get cb [ 304,
137 silly get   { date: 'Tue, 19 Jan 2016 12:05:58 GMT',
137 silly get     via: '1.1 varnish',
137 silly get     'cache-control': 'max-age=300',
137 silly get     etag: '"3EOIL5JTL47JFABLY3LGTYV7"',
137 silly get     age: '80',
137 silly get     connection: 'keep-alive',
137 silly get     'x-served-by': 'cache-ams4145-AMS',
137 silly get     'x-cache': 'HIT',
137 silly get     'x-cache-hits': '14',
137 silly get     'x-timer': 'S1453205158.774224,VS0,VE0',
137 silly get     vary: 'Accept' } ]
138 verbose etag https://registry.npmjs.org/readable-stream from cache
139 verbose get saving readable-stream to /Users/Ninico/.npm/registry.npmjs.org/readable-stream/.cache.json
140 http 304 https://registry.npmjs.org/mongodb-core
141 verbose headers { date: 'Tue, 19 Jan 2016 12:05:58 GMT',
141 verbose headers   via: '1.1 varnish',
141 verbose headers   'cache-control': 'max-age=300',
141 verbose headers   etag: '"5S10O0E1B6RR2NGFCG9ZTZ7"',
141 verbose headers   age: '173',
141 verbose headers   connection: 'keep-alive',
141 verbose headers   'x-served-by': 'cache-ams4125-AMS',
141 verbose headers   'x-cache': 'HIT',
141 verbose headers   'x-cache-hits': '1',
141 verbose headers   'x-timer': 'S1453205158.772368,VS0,VE0',
141 verbose headers   vary: 'Accept' }
142 silly get cb [ 304,
142 silly get   { date: 'Tue, 19 Jan 2016 12:05:58 GMT',
142 silly get     via: '1.1 varnish',
142 silly get     'cache-control': 'max-age=300',
142 silly get     etag: '"5S10O0E1B6RR2NGFCG9ZTZ7"',
142 silly get     age: '173',
142 silly get     connection: 'keep-alive',
142 silly get     'x-served-by': 'cache-ams4125-AMS',
142 silly get     'x-cache': 'HIT',
142 silly get     'x-cache-hits': '1',
142 silly get     'x-timer': 'S1453205158.772368,VS0,VE0',
142 silly get     vary: 'Accept' } ]
143 verbose etag https://registry.npmjs.org/mongodb-core from cache
144 verbose get saving mongodb-core to /Users/Ninico/.npm/registry.npmjs.org/mongodb-core/.cache.json
145 silly resolveWithNewModule readable-stream@1.0.31 checking installable status
146 silly cache add args [ 'readable-stream@1.0.31', null ]
147 verbose cache add spec readable-stream@1.0.31
148 silly cache add parsed spec Result {
148 silly cache add   raw: 'readable-stream@1.0.31',
148 silly cache add   scope: null,
148 silly cache add   name: 'readable-stream',
148 silly cache add   rawSpec: '1.0.31',
148 silly cache add   spec: '1.0.31',
148 silly cache add   type: 'version' }
149 silly addNamed readable-stream@1.0.31
150 verbose addNamed "1.0.31" is a plain semver version for readable-stream
151 silly mapToRegistry name readable-stream
152 silly mapToRegistry using default registry
153 silly mapToRegistry registry https://registry.npmjs.org/
154 silly mapToRegistry uri https://registry.npmjs.org/readable-stream
155 verbose addNameVersion registry:https://registry.npmjs.org/readable-stream not in flight; fetching
156 silly resolveWithNewModule mongodb-core@1.2.32 checking installable status
157 silly cache add args [ 'mongodb-core@1.2.32', null ]
158 verbose cache add spec mongodb-core@1.2.32
159 silly cache add parsed spec Result {
159 silly cache add   raw: 'mongodb-core@1.2.32',
159 silly cache add   scope: null,
159 silly cache add   name: 'mongodb-core',
159 silly cache add   rawSpec: '1.2.32',
159 silly cache add   spec: '1.2.32',
159 silly cache add   type: 'version' }
160 silly addNamed mongodb-core@1.2.32
161 verbose addNamed "1.2.32" is a plain semver version for mongodb-core
162 silly mapToRegistry name mongodb-core
163 silly mapToRegistry using default registry
164 silly mapToRegistry registry https://registry.npmjs.org/
165 silly mapToRegistry uri https://registry.npmjs.org/mongodb-core
166 verbose addNameVersion registry:https://registry.npmjs.org/mongodb-core not in flight; fetching
167 verbose get https://registry.npmjs.org/readable-stream not expired, no request
168 verbose get https://registry.npmjs.org/mongodb-core not expired, no request
169 silly cache afterAdd readable-stream@1.0.31
170 verbose afterAdd /Users/Ninico/.npm/readable-stream/1.0.31/package/package.json not in flight; writing
171 silly cache afterAdd mongodb-core@1.2.32
172 verbose afterAdd /Users/Ninico/.npm/mongodb-core/1.2.32/package/package.json not in flight; writing
173 verbose afterAdd /Users/Ninico/.npm/readable-stream/1.0.31/package/package.json written
174 verbose afterAdd /Users/Ninico/.npm/mongodb-core/1.2.32/package/package.json written
175 silly loadAllDepsIntoIdealTree Finishing
176 silly idealTree:prePrune Ninico
176 silly idealTree:prePrune ├── accepts@1.2.13
176 silly idealTree:prePrune ├── acorn-globals@1.0.9
176 silly idealTree:prePrune ├── acorn@2.7.0
176 silly idealTree:prePrune ├── align-text@0.1.3
176 silly idealTree:prePrune ├── amdefine@1.0.0
176 silly idealTree:prePrune ├── append-field@0.1.0
176 silly idealTree:prePrune ├── array-flatten@1.1.1
176 silly idealTree:prePrune ├── asap@1.0.0
176 silly idealTree:prePrune ├── async@0.9.0
176 silly idealTree:prePrune ├── bindings@1.2.1
176 silly idealTree:prePrune ├── bluebird@2.9.26
176 silly idealTree:prePrune ├─┬ body-parser@1.14.2
176 silly idealTree:prePrune │ ├── depd@1.1.0
176 silly idealTree:prePrune │ └── qs@5.2.0
176 silly idealTree:prePrune ├─┬ botstrap@0.14.8
176 silly idealTree:prePrune │ ├─┬ commander@2.9.0
176 silly idealTree:prePrune │ │ └── graceful-readlink@1.0.1
176 silly idealTree:prePrune │ ├── introject@0.0.2
176 silly idealTree:prePrune │ ├── lfmt@0.2.1
176 silly idealTree:prePrune │ ├── require-relative@0.8.7
176 silly idealTree:prePrune │ ├─┬ sequoria@0.2.0
176 silly idealTree:prePrune │ │ ├─┬ chai@2.3.0
176 silly idealTree:prePrune │ │ │ ├── assertion-error@1.0.0
176 silly idealTree:prePrune │ │ │ └─┬ deep-eql@0.1.3
176 silly idealTree:prePrune │ │ │   └── type-detect@0.1.1
176 silly idealTree:prePrune │ │ ├── sinon-chai@2.8.0
176 silly idealTree:prePrune │ │ └─┬ sinon@1.17.2
176 silly idealTree:prePrune │ │   ├── formatio@1.1.1
176 silly idealTree:prePrune │ │   ├── lolex@1.3.2
176 silly idealTree:prePrune │ │   ├── samsam@1.1.2
176 silly idealTree:prePrune │ │   └─┬ util@0.10.3
176 silly idealTree:prePrune │ │     └── inherits@2.0.1
176 silly idealTree:prePrune │ ├─┬ slack-client@1.5.1
176 silly idealTree:prePrune │ │ ├── coffee-script@1.9.3
176 silly idealTree:prePrune │ │ ├─┬ https-proxy-agent@1.0.0
176 silly idealTree:prePrune │ │ │ ├─┬ agent-base@2.0.1
176 silly idealTree:prePrune │ │ │ │ └── semver@5.0.3
176 silly idealTree:prePrune │ │ │ ├─┬ debug@2.2.0
176 silly idealTree:prePrune │ │ │ │ └── ms@0.7.1
176 silly idealTree:prePrune │ │ │ └── extend@3.0.0
176 silly idealTree:prePrune │ │ ├── log@1.4.0
176 silly idealTree:prePrune │ │ └─┬ ws@0.8.1
176 silly idealTree:prePrune │ │   ├── options@0.0.6
176 silly idealTree:prePrune │ │   └── ultron@1.0.2
176 silly idealTree:prePrune │ └── uuid@2.0.1
176 silly idealTree:prePrune ├── bson@0.4.20
176 silly idealTree:prePrune ├── bufferutil@1.2.1
176 silly idealTree:prePrune ├── busboy@0.2.12
176 silly idealTree:prePrune ├── bytes@2.2.0
176 silly idealTree:prePrune ├── camelcase@1.2.1
176 silly idealTree:prePrune ├── center-align@0.1.2
176 silly idealTree:prePrune ├── character-parser@1.2.1
176 silly idealTree:prePrune ├─┬ clean-css@3.4.9
176 silly idealTree:prePrune │ └── commander@2.8.1
176 silly idealTree:prePrune ├─┬ cliui@2.1.0
176 silly idealTree:prePrune │ └── wordwrap@0.0.2
176 silly idealTree:prePrune ├── commander@2.6.0
176 silly idealTree:prePrune ├─┬ concat-stream@1.5.1
176 silly idealTree:prePrune │ └── readable-stream@2.0.5
176 silly idealTree:prePrune ├── constantinople@3.0.2
176 silly idealTree:prePrune ├── content-disposition@0.5.0
176 silly idealTree:prePrune ├── content-type@1.0.1
176 silly idealTree:prePrune ├─┬ cookie-parser@1.4.0
176 silly idealTree:prePrune │ └── cookie@0.2.2
176 silly idealTree:prePrune ├── cookie-signature@1.0.6
176 silly idealTree:prePrune ├── cookie@0.1.3
176 silly idealTree:prePrune ├── core-util-is@1.0.2
176 silly idealTree:prePrune ├── css-parse@1.0.4
176 silly idealTree:prePrune ├── css-stringify@1.0.5
176 silly idealTree:prePrune ├── css@1.0.8
176 silly idealTree:prePrune ├── debug@2.2.0
176 silly idealTree:prePrune ├── decamelize@1.1.2
176 silly idealTree:prePrune ├── depd@1.0.1
176 silly idealTree:prePrune ├── destroy@1.0.3
176 silly idealTree:prePrune ├── dicer@0.2.5
176 silly idealTree:prePrune ├── ee-first@1.1.1
176 silly idealTree:prePrune ├── ejs@2.3.4
176 silly idealTree:prePrune ├── es6-promise@3.0.2
176 silly idealTree:prePrune ├── escape-html@1.0.2
176 silly idealTree:prePrune ├── escape-string-regexp@1.0.4
176 silly idealTree:prePrune ├── etag@1.7.0
176 silly idealTree:prePrune ├── express@4.13.3
176 silly idealTree:prePrune ├── finalhandler@0.4.0
176 silly idealTree:prePrune ├── forwarded@0.1.0
176 silly idealTree:prePrune ├── fresh@0.3.0
176 silly idealTree:prePrune ├── graceful-readlink@1.0.1
176 silly idealTree:prePrune ├── hooks-fixed@1.1.0
176 silly idealTree:prePrune ├── http-errors@1.3.1
176 silly idealTree:prePrune ├── iconv-lite@0.4.13
176 silly idealTree:prePrune ├── inherits@2.0.1
176 silly idealTree:prePrune ├── ipaddr.js@1.0.5
176 silly idealTree:prePrune ├── is-buffer@1.1.1
176 silly idealTree:prePrune ├── is-promise@2.1.0
176 silly idealTree:prePrune ├── isarray@0.0.1
176 silly idealTree:prePrune ├── jade@1.11.0
176 silly idealTree:prePrune ├── jstransformer@0.0.2
176 silly idealTree:prePrune ├── kareem@1.0.1
176 silly idealTree:prePrune ├── kind-of@2.0.1
176 silly idealTree:prePrune ├── lazy-cache@0.2.7
176 silly idealTree:prePrune ├── longest@1.0.1
176 silly idealTree:prePrune ├── media-typer@0.3.0
176 silly idealTree:prePrune ├── merge-descriptors@1.0.0
176 silly idealTree:prePrune ├── methods@1.1.1
176 silly idealTree:prePrune ├── mime-db@1.21.0
176 silly idealTree:prePrune ├── mime-types@2.1.9
176 silly idealTree:prePrune ├── mime@1.3.4
176 silly idealTree:prePrune ├── minimist@0.0.8
176 silly idealTree:prePrune ├── mkdirp@0.5.1
176 silly idealTree:prePrune ├── moment@2.11.1
176 silly idealTree:prePrune ├── mongodb-core@1.2.31
176 silly idealTree:prePrune ├─┬ mongodb@2.1.3
176 silly idealTree:prePrune │ └── readable-stream@1.0.31
176 silly idealTree:prePrune ├─┬ mongoose@4.3.6
176 silly idealTree:prePrune │ ├── bson@0.4.21
176 silly idealTree:prePrune │ ├── mongodb-core@1.2.32
176 silly idealTree:prePrune │ ├── mongodb@2.1.4
176 silly idealTree:prePrune │ └── readable-stream@1.0.31
176 silly idealTree:prePrune ├── mpath@0.1.1
176 silly idealTree:prePrune ├── mpromise@0.5.4
176 silly idealTree:prePrune ├── mquery@1.6.3
176 silly idealTree:prePrune ├── ms@0.7.1
176 silly idealTree:prePrune ├── multer@1.1.0
176 silly idealTree:prePrune ├── muri@1.0.0
176 silly idealTree:prePrune ├── nan@2.1.0
176 silly idealTree:prePrune ├── negotiator@0.5.3
176 silly idealTree:prePrune ├── object-assign@3.0.0
176 silly idealTree:prePrune ├── on-finished@2.3.0
176 silly idealTree:prePrune ├── optimist@0.3.7
176 silly idealTree:prePrune ├── parseurl@1.3.0
176 silly idealTree:prePrune ├── path-to-regexp@0.1.7
176 silly idealTree:prePrune ├── process-nextick-args@1.0.6
176 silly idealTree:prePrune ├── promise@6.1.0
176 silly idealTree:prePrune ├── proxy-addr@1.0.10
176 silly idealTree:prePrune ├── qs@4.0.0
176 silly idealTree:prePrune ├── range-parser@1.0.3
176 silly idealTree:prePrune ├── raw-body@2.1.5
176 silly idealTree:prePrune ├── readable-stream@1.1.13
176 silly idealTree:prePrune ├── regexp-clone@0.0.1
176 silly idealTree:prePrune ├── repeat-string@1.5.2
176 silly idealTree:prePrune ├── right-align@0.1.3
176 silly idealTree:prePrune ├── sass@0.5.0
176 silly idealTree:prePrune ├── send@0.13.0
176 silly idealTree:prePrune ├── serve-static@1.10.0
176 silly idealTree:prePrune ├── sliced@0.0.5
176 silly idealTree:prePrune ├── source-map@0.4.4
176 silly idealTree:prePrune ├── statuses@1.2.1
176 silly idealTree:prePrune ├── streamsearch@0.1.2
176 silly idealTree:prePrune ├── string_decoder@0.10.31
176 silly idealTree:prePrune ├─┬ transformers@2.1.0
176 silly idealTree:prePrune │ ├── is-promise@1.0.1
176 silly idealTree:prePrune │ ├── promise@2.0.0
176 silly idealTree:prePrune │ ├── source-map@0.1.43
176 silly idealTree:prePrune │ └── uglify-js@2.2.5
176 silly idealTree:prePrune ├── type-is@1.6.10
176 silly idealTree:prePrune ├── typedarray@0.0.6
176 silly idealTree:prePrune ├─┬ uglify-js@2.6.1
176 silly idealTree:prePrune │ ├── async@0.2.10
176 silly idealTree:prePrune │ └── source-map@0.5.3
176 silly idealTree:prePrune ├── uglify-to-browserify@1.0.2
176 silly idealTree:prePrune ├── unpipe@1.0.0
176 silly idealTree:prePrune ├── utf-8-validate@1.2.1
176 silly idealTree:prePrune ├── util-deprecate@1.0.2
176 silly idealTree:prePrune ├── utils-merge@1.0.0
176 silly idealTree:prePrune ├── vary@1.0.1
176 silly idealTree:prePrune ├── void-elements@2.0.1
176 silly idealTree:prePrune ├── window-size@0.1.0
176 silly idealTree:prePrune ├─┬ with@4.0.3
176 silly idealTree:prePrune │ └── acorn@1.2.2
176 silly idealTree:prePrune ├── wordwrap@0.0.3
176 silly idealTree:prePrune ├── xtend@4.0.1
176 silly idealTree:prePrune └── yargs@3.10.0
177 silly loadIdealTree Finishing
178 silly currentTree Ninico
178 silly currentTree ├── accepts@1.2.13
178 silly currentTree ├── acorn-globals@1.0.9
178 silly currentTree ├── acorn@2.7.0
178 silly currentTree ├── align-text@0.1.3
178 silly currentTree ├── amdefine@1.0.0
178 silly currentTree ├── append-field@0.1.0
178 silly currentTree ├── array-flatten@1.1.1
178 silly currentTree ├── asap@1.0.0
178 silly currentTree ├── async@0.9.0
178 silly currentTree ├── bindings@1.2.1
178 silly currentTree ├── bluebird@2.9.26
178 silly currentTree ├─┬ body-parser@1.14.2
178 silly currentTree │ ├── depd@1.1.0
178 silly currentTree │ └── qs@5.2.0
178 silly currentTree ├─┬ botstrap@0.14.8
178 silly currentTree │ ├─┬ commander@2.9.0
178 silly currentTree │ │ └── graceful-readlink@1.0.1
178 silly currentTree │ ├── introject@0.0.2
178 silly currentTree │ ├── lfmt@0.2.1
178 silly currentTree │ ├── require-relative@0.8.7
178 silly currentTree │ ├─┬ sequoria@0.2.0
178 silly currentTree │ │ ├─┬ chai@2.3.0
178 silly currentTree │ │ │ ├── assertion-error@1.0.0
178 silly currentTree │ │ │ └─┬ deep-eql@0.1.3
178 silly currentTree │ │ │   └── type-detect@0.1.1
178 silly currentTree │ │ ├── sinon-chai@2.8.0
178 silly currentTree │ │ └─┬ sinon@1.17.2
178 silly currentTree │ │   ├── formatio@1.1.1
178 silly currentTree │ │   ├── lolex@1.3.2
178 silly currentTree │ │   ├── samsam@1.1.2
178 silly currentTree │ │   └─┬ util@0.10.3
178 silly currentTree │ │     └── inherits@2.0.1
178 silly currentTree │ ├─┬ slack-client@1.5.1
178 silly currentTree │ │ ├── coffee-script@1.9.3
178 silly currentTree │ │ ├─┬ https-proxy-agent@1.0.0
178 silly currentTree │ │ │ ├─┬ agent-base@2.0.1
178 silly currentTree │ │ │ │ └── semver@5.0.3
178 silly currentTree │ │ │ ├─┬ debug@2.2.0
178 silly currentTree │ │ │ │ └── ms@0.7.1
178 silly currentTree │ │ │ └── extend@3.0.0
178 silly currentTree │ │ ├── log@1.4.0
178 silly currentTree │ │ └─┬ ws@0.8.1
178 silly currentTree │ │   ├── options@0.0.6
178 silly currentTree │ │   └── ultron@1.0.2
178 silly currentTree │ └── uuid@2.0.1
178 silly currentTree ├── bson@0.4.20
178 silly currentTree ├── bufferutil@1.2.1
178 silly currentTree ├── busboy@0.2.12
178 silly currentTree ├── bytes@2.2.0
178 silly currentTree ├── camelcase@1.2.1
178 silly currentTree ├── center-align@0.1.2
178 silly currentTree ├── character-parser@1.2.1
178 silly currentTree ├─┬ clean-css@3.4.9
178 silly currentTree │ └── commander@2.8.1
178 silly currentTree ├─┬ cliui@2.1.0
178 silly currentTree │ └── wordwrap@0.0.2
178 silly currentTree ├── commander@2.6.0
178 silly currentTree ├─┬ concat-stream@1.5.1
178 silly currentTree │ └── readable-stream@2.0.5
178 silly currentTree ├── constantinople@3.0.2
178 silly currentTree ├── content-disposition@0.5.0
178 silly currentTree ├── content-type@1.0.1
178 silly currentTree ├─┬ cookie-parser@1.4.0
178 silly currentTree │ └── cookie@0.2.2
178 silly currentTree ├── cookie-signature@1.0.6
178 silly currentTree ├── cookie@0.1.3
178 silly currentTree ├── core-util-is@1.0.2
178 silly currentTree ├── css-parse@1.0.4
178 silly currentTree ├── css-stringify@1.0.5
178 silly currentTree ├── css@1.0.8
178 silly currentTree ├── debug@2.2.0
178 silly currentTree ├── decamelize@1.1.2
178 silly currentTree ├── depd@1.0.1
178 silly currentTree ├── destroy@1.0.3
178 silly currentTree ├── dicer@0.2.5
178 silly currentTree ├── ee-first@1.1.1
178 silly currentTree ├── ejs@2.3.4
178 silly currentTree ├── es6-promise@3.0.2
178 silly currentTree ├── escape-html@1.0.2
178 silly currentTree ├── escape-string-regexp@1.0.4
178 silly currentTree ├── etag@1.7.0
178 silly currentTree ├── express@4.13.3
178 silly currentTree ├── finalhandler@0.4.0
178 silly currentTree ├── forwarded@0.1.0
178 silly currentTree ├── fresh@0.3.0
178 silly currentTree ├── graceful-readlink@1.0.1
178 silly currentTree ├── hooks-fixed@1.1.0
178 silly currentTree ├── http-errors@1.3.1
178 silly currentTree ├── iconv-lite@0.4.13
178 silly currentTree ├── inherits@2.0.1
178 silly currentTree ├── ipaddr.js@1.0.5
178 silly currentTree ├── is-buffer@1.1.1
178 silly currentTree ├── is-promise@2.1.0
178 silly currentTree ├── isarray@0.0.1
178 silly currentTree ├── jade@1.11.0
178 silly currentTree ├── jstransformer@0.0.2
178 silly currentTree ├── kareem@1.0.1
178 silly currentTree ├── kind-of@2.0.1
178 silly currentTree ├── lazy-cache@0.2.7
178 silly currentTree ├── longest@1.0.1
178 silly currentTree ├── media-typer@0.3.0
178 silly currentTree ├── merge-descriptors@1.0.0
178 silly currentTree ├── methods@1.1.1
178 silly currentTree ├── mime-db@1.21.0
178 silly currentTree ├── mime-types@2.1.9
178 silly currentTree ├── mime@1.3.4
178 silly currentTree ├── minimist@0.0.8
178 silly currentTree ├── mkdirp@0.5.1
178 silly currentTree ├── moment@2.11.1
178 silly currentTree ├── mongodb-core@1.2.31
178 silly currentTree ├─┬ mongodb@2.1.3
178 silly currentTree │ └── readable-stream@1.0.31
178 silly currentTree ├── mpath@0.1.1
178 silly currentTree ├── mpromise@0.5.4
178 silly currentTree ├── mquery@1.6.3
178 silly currentTree ├── ms@0.7.1
178 silly currentTree ├── multer@1.1.0
178 silly currentTree ├── muri@1.0.0
178 silly currentTree ├── nan@2.1.0
178 silly currentTree ├── negotiator@0.5.3
178 silly currentTree ├── object-assign@3.0.0
178 silly currentTree ├── on-finished@2.3.0
178 silly currentTree ├── optimist@0.3.7
178 silly currentTree ├── parseurl@1.3.0
178 silly currentTree ├── path-to-regexp@0.1.7
178 silly currentTree ├── process-nextick-args@1.0.6
178 silly currentTree ├── promise@6.1.0
178 silly currentTree ├── proxy-addr@1.0.10
178 silly currentTree ├── qs@4.0.0
178 silly currentTree ├── range-parser@1.0.3
178 silly currentTree ├── raw-body@2.1.5
178 silly currentTree ├── readable-stream@1.1.13
178 silly currentTree ├── regexp-clone@0.0.1
178 silly currentTree ├── repeat-string@1.5.2
178 silly currentTree ├── right-align@0.1.3
178 silly currentTree ├── sass@0.5.0
178 silly currentTree ├── send@0.13.0
178 silly currentTree ├── serve-static@1.10.0
178 silly currentTree ├── sliced@0.0.5
178 silly currentTree ├── source-map@0.4.4
178 silly currentTree ├── statuses@1.2.1
178 silly currentTree ├── streamsearch@0.1.2
178 silly currentTree ├── string_decoder@0.10.31
178 silly currentTree ├─┬ transformers@2.1.0
178 silly currentTree │ ├── is-promise@1.0.1
178 silly currentTree │ ├── promise@2.0.0
178 silly currentTree │ ├── source-map@0.1.43
178 silly currentTree │ └── uglify-js@2.2.5
178 silly currentTree ├── type-is@1.6.10
178 silly currentTree ├── typedarray@0.0.6
178 silly currentTree ├─┬ uglify-js@2.6.1
178 silly currentTree │ ├── async@0.2.10
178 silly currentTree │ └── source-map@0.5.3
178 silly currentTree ├── uglify-to-browserify@1.0.2
178 silly currentTree ├── unpipe@1.0.0
178 silly currentTree ├── utf-8-validate@1.2.1
178 silly currentTree ├── util-deprecate@1.0.2
178 silly currentTree ├── utils-merge@1.0.0
178 silly currentTree ├── vary@1.0.1
178 silly currentTree ├── void-elements@2.0.1
178 silly currentTree ├── window-size@0.1.0
178 silly currentTree ├─┬ with@4.0.3
178 silly currentTree │ └── acorn@1.2.2
178 silly currentTree ├── wordwrap@0.0.3
178 silly currentTree ├── xtend@4.0.1
178 silly currentTree └── yargs@3.10.0
179 silly idealTree Ninico
179 silly idealTree ├── accepts@1.2.13
179 silly idealTree ├── acorn-globals@1.0.9
179 silly idealTree ├── acorn@2.7.0
179 silly idealTree ├── align-text@0.1.3
179 silly idealTree ├── amdefine@1.0.0
179 silly idealTree ├── append-field@0.1.0
179 silly idealTree ├── array-flatten@1.1.1
179 silly idealTree ├── asap@1.0.0
179 silly idealTree ├── async@0.9.0
179 silly idealTree ├── bindings@1.2.1
179 silly idealTree ├── bluebird@2.9.26
179 silly idealTree ├─┬ body-parser@1.14.2
179 silly idealTree │ ├── depd@1.1.0
179 silly idealTree │ └── qs@5.2.0
179 silly idealTree ├─┬ botstrap@0.14.8
179 silly idealTree │ ├─┬ commander@2.9.0
179 silly idealTree │ │ └── graceful-readlink@1.0.1
179 silly idealTree │ ├── introject@0.0.2
179 silly idealTree │ ├── lfmt@0.2.1
179 silly idealTree │ ├── require-relative@0.8.7
179 silly idealTree │ ├─┬ sequoria@0.2.0
179 silly idealTree │ │ ├─┬ chai@2.3.0
179 silly idealTree │ │ │ ├── assertion-error@1.0.0
179 silly idealTree │ │ │ └─┬ deep-eql@0.1.3
179 silly idealTree │ │ │   └── type-detect@0.1.1
179 silly idealTree │ │ ├── sinon-chai@2.8.0
179 silly idealTree │ │ └─┬ sinon@1.17.2
179 silly idealTree │ │   ├── formatio@1.1.1
179 silly idealTree │ │   ├── lolex@1.3.2
179 silly idealTree │ │   ├── samsam@1.1.2
179 silly idealTree │ │   └─┬ util@0.10.3
179 silly idealTree │ │     └── inherits@2.0.1
179 silly idealTree │ ├─┬ slack-client@1.5.1
179 silly idealTree │ │ ├── coffee-script@1.9.3
179 silly idealTree │ │ ├─┬ https-proxy-agent@1.0.0
179 silly idealTree │ │ │ ├─┬ agent-base@2.0.1
179 silly idealTree │ │ │ │ └── semver@5.0.3
179 silly idealTree │ │ │ ├─┬ debug@2.2.0
179 silly idealTree │ │ │ │ └── ms@0.7.1
179 silly idealTree │ │ │ └── extend@3.0.0
179 silly idealTree │ │ ├── log@1.4.0
179 silly idealTree │ │ └─┬ ws@0.8.1
179 silly idealTree │ │   ├── options@0.0.6
179 silly idealTree │ │   └── ultron@1.0.2
179 silly idealTree │ └── uuid@2.0.1
179 silly idealTree ├── bson@0.4.20
179 silly idealTree ├── bufferutil@1.2.1
179 silly idealTree ├── busboy@0.2.12
179 silly idealTree ├── bytes@2.2.0
179 silly idealTree ├── camelcase@1.2.1
179 silly idealTree ├── center-align@0.1.2
179 silly idealTree ├── character-parser@1.2.1
179 silly idealTree ├─┬ clean-css@3.4.9
179 silly idealTree │ └── commander@2.8.1
179 silly idealTree ├─┬ cliui@2.1.0
179 silly idealTree │ └── wordwrap@0.0.2
179 silly idealTree ├── commander@2.6.0
179 silly idealTree ├─┬ concat-stream@1.5.1
179 silly idealTree │ └── readable-stream@2.0.5
179 silly idealTree ├── constantinople@3.0.2
179 silly idealTree ├── content-disposition@0.5.0
179 silly idealTree ├── content-type@1.0.1
179 silly idealTree ├─┬ cookie-parser@1.4.0
179 silly idealTree │ └── cookie@0.2.2
179 silly idealTree ├── cookie-signature@1.0.6
179 silly idealTree ├── cookie@0.1.3
179 silly idealTree ├── core-util-is@1.0.2
179 silly idealTree ├── css-parse@1.0.4
179 silly idealTree ├── css-stringify@1.0.5
179 silly idealTree ├── css@1.0.8
179 silly idealTree ├── debug@2.2.0
179 silly idealTree ├── decamelize@1.1.2
179 silly idealTree ├── depd@1.0.1
179 silly idealTree ├── destroy@1.0.3
179 silly idealTree ├── dicer@0.2.5
179 silly idealTree ├── ee-first@1.1.1
179 silly idealTree ├── ejs@2.3.4
179 silly idealTree ├── es6-promise@3.0.2
179 silly idealTree ├── escape-html@1.0.2
179 silly idealTree ├── escape-string-regexp@1.0.4
179 silly idealTree ├── etag@1.7.0
179 silly idealTree ├── express@4.13.3
179 silly idealTree ├── finalhandler@0.4.0
179 silly idealTree ├── forwarded@0.1.0
179 silly idealTree ├── fresh@0.3.0
179 silly idealTree ├── graceful-readlink@1.0.1
179 silly idealTree ├── hooks-fixed@1.1.0
179 silly idealTree ├── http-errors@1.3.1
179 silly idealTree ├── iconv-lite@0.4.13
179 silly idealTree ├── inherits@2.0.1
179 silly idealTree ├── ipaddr.js@1.0.5
179 silly idealTree ├── is-buffer@1.1.1
179 silly idealTree ├── is-promise@2.1.0
179 silly idealTree ├── isarray@0.0.1
179 silly idealTree ├── jade@1.11.0
179 silly idealTree ├── jstransformer@0.0.2
179 silly idealTree ├── kareem@1.0.1
179 silly idealTree ├── kind-of@2.0.1
179 silly idealTree ├── lazy-cache@0.2.7
179 silly idealTree ├── longest@1.0.1
179 silly idealTree ├── media-typer@0.3.0
179 silly idealTree ├── merge-descriptors@1.0.0
179 silly idealTree ├── methods@1.1.1
179 silly idealTree ├── mime-db@1.21.0
179 silly idealTree ├── mime-types@2.1.9
179 silly idealTree ├── mime@1.3.4
179 silly idealTree ├── minimist@0.0.8
179 silly idealTree ├── mkdirp@0.5.1
179 silly idealTree ├── moment@2.11.1
179 silly idealTree ├── mongodb-core@1.2.31
179 silly idealTree ├─┬ mongodb@2.1.3
179 silly idealTree │ └── readable-stream@1.0.31
179 silly idealTree ├─┬ mongoose@4.3.6
179 silly idealTree │ ├── bson@0.4.21
179 silly idealTree │ ├── mongodb-core@1.2.32
179 silly idealTree │ ├── mongodb@2.1.4
179 silly idealTree │ └── readable-stream@1.0.31
179 silly idealTree ├── mpath@0.1.1
179 silly idealTree ├── mpromise@0.5.4
179 silly idealTree ├── mquery@1.6.3
179 silly idealTree ├── ms@0.7.1
179 silly idealTree ├── multer@1.1.0
179 silly idealTree ├── muri@1.0.0
179 silly idealTree ├── nan@2.1.0
179 silly idealTree ├── negotiator@0.5.3
179 silly idealTree ├── object-assign@3.0.0
179 silly idealTree ├── on-finished@2.3.0
179 silly idealTree ├── optimist@0.3.7
179 silly idealTree ├── parseurl@1.3.0
179 silly idealTree ├── path-to-regexp@0.1.7
179 silly idealTree ├── process-nextick-args@1.0.6
179 silly idealTree ├── promise@6.1.0
179 silly idealTree ├── proxy-addr@1.0.10
179 silly idealTree ├── qs@4.0.0
179 silly idealTree ├── range-parser@1.0.3
179 silly idealTree ├── raw-body@2.1.5
179 silly idealTree ├── readable-stream@1.1.13
179 silly idealTree ├── regexp-clone@0.0.1
179 silly idealTree ├── repeat-string@1.5.2
179 silly idealTree ├── right-align@0.1.3
179 silly idealTree ├── sass@0.5.0
179 silly idealTree ├── send@0.13.0
179 silly idealTree ├── serve-static@1.10.0
179 silly idealTree ├── sliced@0.0.5
179 silly idealTree ├── source-map@0.4.4
179 silly idealTree ├── statuses@1.2.1
179 silly idealTree ├── streamsearch@0.1.2
179 silly idealTree ├── string_decoder@0.10.31
179 silly idealTree ├─┬ transformers@2.1.0
179 silly idealTree │ ├── is-promise@1.0.1
179 silly idealTree │ ├── promise@2.0.0
179 silly idealTree │ ├── source-map@0.1.43
179 silly idealTree │ └── uglify-js@2.2.5
179 silly idealTree ├── type-is@1.6.10
179 silly idealTree ├── typedarray@0.0.6
179 silly idealTree ├─┬ uglify-js@2.6.1
179 silly idealTree │ ├── async@0.2.10
179 silly idealTree │ └── source-map@0.5.3
179 silly idealTree ├── uglify-to-browserify@1.0.2
179 silly idealTree ├── unpipe@1.0.0
179 silly idealTree ├── utf-8-validate@1.2.1
179 silly idealTree ├── util-deprecate@1.0.2
179 silly idealTree ├── utils-merge@1.0.0
179 silly idealTree ├── vary@1.0.1
179 silly idealTree ├── void-elements@2.0.1
179 silly idealTree ├── window-size@0.1.0
179 silly idealTree ├─┬ with@4.0.3
179 silly idealTree │ └── acorn@1.2.2
179 silly idealTree ├── wordwrap@0.0.3
179 silly idealTree ├── xtend@4.0.1
179 silly idealTree └── yargs@3.10.0
180 silly generateActionsToTake Starting
181 silly install generateActionsToTake
182 silly generateActionsToTake Finishing
183 silly diffTrees action count 5
184 silly diffTrees add bson@0.4.21
185 silly diffTrees add mongodb-core@1.2.32
186 silly diffTrees add readable-stream@1.0.31
187 silly diffTrees add mongodb@2.1.4
188 silly diffTrees add mongoose@4.3.6
189 silly decomposeActions action count 40
190 silly decomposeActions fetch bson@0.4.21
191 silly decomposeActions extract bson@0.4.21
192 silly decomposeActions preinstall bson@0.4.21
193 silly decomposeActions build bson@0.4.21
194 silly decomposeActions install bson@0.4.21
195 silly decomposeActions postinstall bson@0.4.21
196 silly decomposeActions test bson@0.4.21
197 silly decomposeActions finalize bson@0.4.21
198 silly decomposeActions fetch mongodb-core@1.2.32
199 silly decomposeActions extract mongodb-core@1.2.32
200 silly decomposeActions preinstall mongodb-core@1.2.32
201 silly decomposeActions build mongodb-core@1.2.32
202 silly decomposeActions install mongodb-core@1.2.32
203 silly decomposeActions postinstall mongodb-core@1.2.32
204 silly decomposeActions test mongodb-core@1.2.32
205 silly decomposeActions finalize mongodb-core@1.2.32
206 silly decomposeActions fetch readable-stream@1.0.31
207 silly decomposeActions extract readable-stream@1.0.31
208 silly decomposeActions preinstall readable-stream@1.0.31
209 silly decomposeActions build readable-stream@1.0.31
210 silly decomposeActions install readable-stream@1.0.31
211 silly decomposeActions postinstall readable-stream@1.0.31
212 silly decomposeActions test readable-stream@1.0.31
213 silly decomposeActions finalize readable-stream@1.0.31
214 silly decomposeActions fetch mongodb@2.1.4
215 silly decomposeActions extract mongodb@2.1.4
216 silly decomposeActions preinstall mongodb@2.1.4
217 silly decomposeActions build mongodb@2.1.4
218 silly decomposeActions install mongodb@2.1.4
219 silly decomposeActions postinstall mongodb@2.1.4
220 silly decomposeActions test mongodb@2.1.4
221 silly decomposeActions finalize mongodb@2.1.4
222 silly decomposeActions fetch mongoose@4.3.6
223 silly decomposeActions extract mongoose@4.3.6
224 silly decomposeActions preinstall mongoose@4.3.6
225 silly decomposeActions build mongoose@4.3.6
226 silly decomposeActions install mongoose@4.3.6
227 silly decomposeActions postinstall mongoose@4.3.6
228 silly decomposeActions test mongoose@4.3.6
229 silly decomposeActions finalize mongoose@4.3.6
230 silly executeActions Starting
231 silly install executeActions
232 silly doSerial global-install 0
233 silly doParallel fetch 5
234 verbose lock using /Users/Ninico/.npm/_locks/staging-3a59b4174dab866f.lock for /Users/Ninico/node_modules/.staging
235 silly doParallel extract 5
236 silly extract bson@0.4.21
237 silly extract mongodb-core@1.2.32
238 silly extract readable-stream@1.0.31
239 silly extract mongodb@2.1.4
240 silly extract mongoose@4.3.6
241 verbose unbuild node_modules/.staging/bson-54df253355e284ac8e668dcc6ccc3c59
242 verbose unbuild node_modules/.staging/mongodb-core-77030f924c946ad54c0a63241b29caed
243 verbose unbuild node_modules/.staging/readable-stream-a0423831ff2c7820535fc1e9ded0753f
244 verbose unbuild node_modules/.staging/mongodb-d569981832024b39504f62241f1acd66
245 verbose unbuild node_modules/.staging/mongoose-35330adc9a8725a252e300d6eb22a35c
246 silly gentlyRm /Users/Ninico/node_modules/.staging/bson-54df253355e284ac8e668dcc6ccc3c59 is being purged from base /Users/Ninico
247 silly gentlyRm /Users/Ninico/node_modules/.staging/mongodb-core-77030f924c946ad54c0a63241b29caed is being purged from base /Users/Ninico
248 silly gentlyRm /Users/Ninico/node_modules/.staging/readable-stream-a0423831ff2c7820535fc1e9ded0753f is being purged from base /Users/Ninico
249 silly gentlyRm /Users/Ninico/node_modules/.staging/mongodb-d569981832024b39504f62241f1acd66 is being purged from base /Users/Ninico
250 verbose gentlyRm don't care about contents; nuking /Users/Ninico/node_modules/.staging/bson-54df253355e284ac8e668dcc6ccc3c59
251 verbose gentlyRm don't care about contents; nuking /Users/Ninico/node_modules/.staging/mongodb-core-77030f924c946ad54c0a63241b29caed
252 silly gentlyRm /Users/Ninico/node_modules/.staging/mongoose-35330adc9a8725a252e300d6eb22a35c is being purged from base /Users/Ninico
253 verbose gentlyRm don't care about contents; nuking /Users/Ninico/node_modules/.staging/readable-stream-a0423831ff2c7820535fc1e9ded0753f
254 verbose gentlyRm don't care about contents; nuking /Users/Ninico/node_modules/.staging/mongodb-d569981832024b39504f62241f1acd66
255 verbose tar unpack /Users/Ninico/.npm/bson/0.4.21/package.tgz
256 verbose tar unpacking to /Users/Ninico/node_modules/.staging/bson-54df253355e284ac8e668dcc6ccc3c59
257 silly gentlyRm /Users/Ninico/node_modules/.staging/bson-54df253355e284ac8e668dcc6ccc3c59 is being purged
258 verbose tar unpack /Users/Ninico/.npm/mongodb-core/1.2.32/package.tgz
259 verbose tar unpacking to /Users/Ninico/node_modules/.staging/mongodb-core-77030f924c946ad54c0a63241b29caed
260 silly gentlyRm /Users/Ninico/node_modules/.staging/mongodb-core-77030f924c946ad54c0a63241b29caed is being purged
261 verbose gentlyRm don't care about contents; nuking /Users/Ninico/node_modules/.staging/mongoose-35330adc9a8725a252e300d6eb22a35c
262 verbose tar unpack /Users/Ninico/.npm/readable-stream/1.0.31/package.tgz
263 verbose tar unpacking to /Users/Ninico/node_modules/.staging/readable-stream-a0423831ff2c7820535fc1e9ded0753f
264 silly gentlyRm /Users/Ninico/node_modules/.staging/readable-stream-a0423831ff2c7820535fc1e9ded0753f is being purged
265 verbose tar unpack /Users/Ninico/.npm/mongodb/2.1.4/package.tgz
266 verbose tar unpacking to /Users/Ninico/node_modules/.staging/mongodb-d569981832024b39504f62241f1acd66
267 silly gentlyRm /Users/Ninico/node_modules/.staging/mongodb-d569981832024b39504f62241f1acd66 is being purged
268 verbose gentlyRm don't care about contents; nuking /Users/Ninico/node_modules/.staging/bson-54df253355e284ac8e668dcc6ccc3c59
269 verbose gentlyRm don't care about contents; nuking /Users/Ninico/node_modules/.staging/mongodb-core-77030f924c946ad54c0a63241b29caed
270 verbose tar unpack /Users/Ninico/.npm/mongoose/4.3.6/package.tgz
271 verbose tar unpacking to /Users/Ninico/node_modules/.staging/mongoose-35330adc9a8725a252e300d6eb22a35c
272 silly gentlyRm /Users/Ninico/node_modules/.staging/mongoose-35330adc9a8725a252e300d6eb22a35c is being purged
273 verbose gentlyRm don't care about contents; nuking /Users/Ninico/node_modules/.staging/readable-stream-a0423831ff2c7820535fc1e9ded0753f
274 verbose gentlyRm don't care about contents; nuking /Users/Ninico/node_modules/.staging/mongodb-d569981832024b39504f62241f1acd66
275 silly gunzTarPerm modes [ '755', '644' ]
276 silly gunzTarPerm modes [ '755', '644' ]
277 verbose gentlyRm don't care about contents; nuking /Users/Ninico/node_modules/.staging/mongoose-35330adc9a8725a252e300d6eb22a35c
278 silly gunzTarPerm modes [ '755', '644' ]
279 silly gunzTarPerm modes [ '755', '644' ]
280 silly gunzTarPerm modes [ '755', '644' ]
281 silly gunzTarPerm extractEntry package.json
282 silly gunzTarPerm extractEntry package.json
283 silly gunzTarPerm extractEntry package.json
284 silly gunzTarPerm modified mode [ 'package.json', 436, 420 ]
285 silly gunzTarPerm extractEntry package.json
286 silly gunzTarPerm extractEntry package.json
287 silly gunzTarPerm modified mode [ 'package.json', 436, 420 ]
288 silly gunzTarPerm extractEntry README.md
289 silly gunzTarPerm extractEntry LICENSE
290 silly gunzTarPerm extractEntry README.md
291 silly gunzTarPerm extractEntry LICENSE
292 silly gunzTarPerm extractEntry .npmignore
293 silly gunzTarPerm extractEntry README.md
294 silly gunzTarPerm modified mode [ 'README.md', 436, 420 ]
295 silly gunzTarPerm extractEntry README.md
296 silly gunzTarPerm extractEntry LICENSE
297 silly gunzTarPerm extractEntry .npmignore
298 silly gunzTarPerm modified mode [ '.npmignore', 436, 420 ]
299 silly gunzTarPerm extractEntry README.md
300 silly gunzTarPerm modified mode [ 'README.md', 436, 420 ]
301 silly gunzTarPerm extractEntry deserializer_bak.js
302 silly gunzTarPerm extractEntry LICENSE
303 silly gunzTarPerm modified mode [ 'LICENSE', 436, 420 ]
304 silly gunzTarPerm extractEntry transform.js
305 silly gunzTarPerm extractEntry index.js
306 silly gunzTarPerm extractEntry t.js
307 silly gunzTarPerm modified mode [ 't.js', 436, 420 ]
308 silly gunzTarPerm extractEntry index.js
309 silly gunzTarPerm extractEntry website.js
310 silly gunzTarPerm modified mode [ 'website.js', 436, 420 ]
311 silly gunzTarPerm extractEntry index.js
312 silly gunzTarPerm modified mode [ 'index.js', 436, 420 ]
313 silly gunzTarPerm extractEntry duplex.js
314 silly gunzTarPerm extractEntry readable.js
315 silly gunzTarPerm modified mode [ 'readable.js', 436, 420 ]
316 silly gunzTarPerm extractEntry static.js
317 silly gunzTarPerm modified mode [ 'static.js', 436, 420 ]
318 silly gunzTarPerm extractEntry .eslintrc.yml
319 silly gunzTarPerm modified mode [ '.eslintrc.yml', 436, 420 ]
320 silly gunzTarPerm extractEntry HISTORY.md
321 silly gunzTarPerm extractEntry Makefile
322 silly gunzTarPerm extractEntry bower.json
323 silly gunzTarPerm extractEntry alternate_parsers/bson.js
324 silly gunzTarPerm extractEntry conf.json
325 silly gunzTarPerm extractEntry Makefile
326 silly gunzTarPerm extractEntry lib/admin.js
327 silly gunzTarPerm extractEntry lib/command_cursor.js
328 silly gunzTarPerm extractEntry .eslintignore
329 silly gunzTarPerm modified mode [ '.eslintignore', 436, 420 ]
330 silly gunzTarPerm extractEntry .travis.yml
331 silly gunzTarPerm modified mode [ '.travis.yml', 436, 420 ]
332 silly gunzTarPerm extractEntry passthrough.js
333 silly gunzTarPerm extractEntry writable.js
334 silly gunzTarPerm extractEntry alternate_parsers/faster_bson.js
335 silly gunzTarPerm extractEntry HISTORY
336 silly gunzTarPerm extractEntry HISTORY.md
337 silly gunzTarPerm extractEntry lib/cursor.js
338 silly gunzTarPerm extractEntry lib/cursor.js
339 silly gunzTarPerm extractEntry lib/ES6Promise.js
340 silly gunzTarPerm modified mode [ 'lib/ES6Promise.js', 436, 420 ]
341 silly gunzTarPerm extractEntry lib/document.js
342 silly gunzTarPerm modified mode [ 'lib/document.js', 436, 420 ]
343 silly gunzTarPerm extractEntry lib/_stream_duplex.js
344 silly gunzTarPerm modified mode [ 'lib/_stream_duplex.js', 436, 420 ]
345 silly gunzTarPerm extractEntry lib/_stream_passthrough.js
346 silly gunzTarPerm modified mode [ 'lib/_stream_passthrough.js', 436, 420 ]
347 silly gunzTarPerm extractEntry browser_build/package.json
348 silly gunzTarPerm extractEntry browser_build/bson.js
349 silly gunzTarPerm extractEntry lib/error.js
350 silly gunzTarPerm extractEntry lib/auth/gssapi.js
351 silly gunzTarPerm extractEntry lib/document_provider.js
352 silly gunzTarPerm modified mode [ 'lib/document_provider.js', 436, 420 ]
353 silly gunzTarPerm extractEntry lib/utils.js
354 silly gunzTarPerm modified mode [ 'lib/utils.js', 436, 420 ]
355 silly gunzTarPerm extractEntry lib/_stream_readable.js
356 silly gunzTarPerm modified mode [ 'lib/_stream_readable.js', 436, 420 ]
357 silly gunzTarPerm extractEntry lib/db.js
358 silly gunzTarPerm extractEntry lib/collection.js
359 silly gunzTarPerm extractEntry lib/bson/binary.js
360 silly gunzTarPerm extractEntry lib/bson/db_ref.js
361 silly gunzTarPerm extractEntry lib/aggregation_cursor.js
362 silly gunzTarPerm extractEntry lib/bson/double.js
363 silly gunzTarPerm extractEntry lib/auth/mongocr.js
364 silly gunzTarPerm extractEntry lib/auth/plain.js
365 silly gunzTarPerm extractEntry lib/metadata.js
366 silly gunzTarPerm extractEntry lib/bson/float_parser.js
367 silly gunzTarPerm extractEntry lib/mongo_client.js
368 silly gunzTarPerm extractEntry lib/bson/index.js
369 silly gunzTarPerm extractEntry lib/mongos.js
370 silly gunzTarPerm extractEntry lib/_stream_transform.js
371 silly gunzTarPerm modified mode [ 'lib/_stream_transform.js', 436, 420 ]
372 silly gunzTarPerm extractEntry lib/_stream_writable.js
373 silly gunzTarPerm modified mode [ 'lib/_stream_writable.js', 436, 420 ]
374 silly gunzTarPerm extractEntry lib/statemachine.js
375 silly gunzTarPerm modified mode [ 'lib/statemachine.js', 436, 420 ]
376 silly gunzTarPerm extractEntry lib/connectionstate.js
377 silly gunzTarPerm modified mode [ 'lib/connectionstate.js', 436, 420 ]
378 silly gunzTarPerm extractEntry lib/bson/code.js
379 silly gunzTarPerm extractEntry lib/auth/scram.js
380 silly gunzTarPerm extractEntry lib/auth/sspi.js
381 silly gunzTarPerm extractEntry lib/read_preference.js
382 silly gunzTarPerm extractEntry lib/index.js
383 silly gunzTarPerm modified mode [ 'lib/index.js', 436, 420 ]
384 silly gunzTarPerm extractEntry lib/aggregate.js
385 silly gunzTarPerm modified mode [ 'lib/aggregate.js', 436, 420 ]
386 silly gunzTarPerm extractEntry lib/url_parser.js
387 silly gunzTarPerm extractEntry lib/bson/map.js
388 silly gunzTarPerm extractEntry lib/bson/max_key.js
389 silly gunzTarPerm extractEntry lib/bson/min_key.js
390 silly gunzTarPerm extractEntry lib/auth/x509.js
391 silly gunzTarPerm extractEntry lib/connection/commands.js
392 silly gunzTarPerm extractEntry lib/connection/connection.js
393 silly gunzTarPerm extractEntry lib/bson/objectid.js
394 silly gunzTarPerm extractEntry lib/connection/logger.js
395 silly gunzTarPerm extractEntry lib/replset.js
396 silly gunzTarPerm extractEntry lib/apm.js
397 silly gunzTarPerm extractEntry lib/server.js
398 silly gunzTarPerm extractEntry lib/model.js
399 silly gunzTarPerm modified mode [ 'lib/model.js', 436, 420 ]
400 silly gunzTarPerm extractEntry lib/promise.js
401 silly gunzTarPerm modified mode [ 'lib/promise.js', 436, 420 ]
402 silly gunzTarPerm extractEntry lib/topology_base.js
403 silly gunzTarPerm extractEntry lib/bson/symbol.js
404 silly gunzTarPerm extractEntry lib/bson/bson.js
405 silly gunzTarPerm extractEntry lib/promise_provider.js
406 silly gunzTarPerm modified mode [ 'lib/promise_provider.js', 436, 420 ]
407 silly gunzTarPerm extractEntry lib/connection.js
408 silly gunzTarPerm modified mode [ 'lib/connection.js', 436, 420 ]
409 silly gunzTarPerm extractEntry lib/connection/pool.js
410 silly gunzTarPerm extractEntry lib/connection/utils.js
411 silly gunzTarPerm extractEntry lib/utils.js
412 silly gunzTarPerm extractEntry lib/gridfs/chunk.js
413 silly gunzTarPerm extractEntry lib/bson/regexp.js
414 silly gunzTarPerm extractEntry lib/tools/smoke_plugin.js
415 silly gunzTarPerm extractEntry lib/topologies/command_result.js
416 silly gunzTarPerm extractEntry lib/query.js
417 silly gunzTarPerm modified mode [ 'lib/query.js', 436, 420 ]
418 silly gunzTarPerm extractEntry lib/collection.js
419 silly gunzTarPerm modified mode [ 'lib/collection.js', 436, 420 ]
420 silly gunzTarPerm extractEntry lib/queryhelpers.js
421 silly gunzTarPerm modified mode [ 'lib/queryhelpers.js', 436, 420 ]
422 silly gunzTarPerm extractEntry lib/gridfs/grid_store.js
423 silly gunzTarPerm extractEntry lib/bulk/common.js
424 silly gunzTarPerm extractEntry lib/bulk/ordered.js
425 silly gunzTarPerm extractEntry lib/cast.js
426 silly gunzTarPerm modified mode [ 'lib/cast.js', 436, 420 ]
427 silly gunzTarPerm extractEntry lib/bulk/unordered.js
428 silly gunzTarPerm extractEntry lib/bson/binary_parser.js
429 silly gunzTarPerm extractEntry lib/bson/timestamp.js
430 silly gunzTarPerm extractEntry lib/bson/long.js
431 silly gunzTarPerm extractEntry lib/querystream.js
432 silly gunzTarPerm modified mode [ 'lib/querystream.js', 436, 420 ]
433 silly gunzTarPerm extractEntry lib/gridfs-stream/download.js
434 silly gunzTarPerm extractEntry lib/bson/parser/calculate_size.js
435 silly gunzTarPerm extractEntry lib/topologies/mongos.js
436 silly gunzTarPerm extractEntry lib/topologies/read_preference.js
437 silly gunzTarPerm extractEntry lib/bson/parser/deserializer.js
438 silly gunzTarPerm extractEntry lib/bson/parser/serializer.js
439 silly gunzTarPerm extractEntry tools/gleak.js
440 silly gunzTarPerm extractEntry lib/browserDocument.js
441 silly gunzTarPerm modified mode [ 'lib/browserDocument.js', 436, 420 ]
442 silly gunzTarPerm extractEntry lib/schematype.js
443 silly gunzTarPerm modified mode [ 'lib/schematype.js', 436, 420 ]
444 silly gunzTarPerm extractEntry lib/gridfs-stream/index.js
445 silly gunzTarPerm extractEntry lib/gridfs-stream/upload.js
446 silly gunzTarPerm extractEntry .idea/.name
447 silly gunzTarPerm extractEntry lib/topologies/replset.js
448 silly gunzTarPerm extractEntry lib/topologies/replset_state.js
449 silly gunzTarPerm extractEntry .idea/encodings.xml
450 silly gunzTarPerm extractEntry .idea/jsLibraryMappings.xml
451 silly gunzTarPerm extractEntry .idea/libraries/mongodb_driver_2_0_node_modules.xml
452 silly gunzTarPerm extractEntry lib/browser.js
453 silly gunzTarPerm modified mode [ 'lib/browser.js', 436, 420 ]
454 silly gunzTarPerm extractEntry lib/schema.js
455 silly gunzTarPerm modified mode [ 'lib/schema.js', 436, 420 ]
456 silly gunzTarPerm extractEntry .idea/misc.xml
457 silly gunzTarPerm extractEntry lib/topologies/server.js
458 silly gunzTarPerm extractEntry lib/error.js
459 silly gunzTarPerm modified mode [ 'lib/error.js', 436, 420 ]
460 silly gunzTarPerm extractEntry lib/virtualtype.js
461 silly gunzTarPerm modified mode [ 'lib/virtualtype.js', 436, 420 ]
462 silly gunzTarPerm extractEntry .idea/modules.xml
463 silly gunzTarPerm extractEntry .idea/mongodb-driver-2.0.iml
464 silly gunzTarPerm extractEntry .idea/vcs.xml
465 silly gunzTarPerm extractEntry lib/topologies/session.js
466 silly gunzTarPerm extractEntry lib/topologies/strategies/ping.js
467 silly gunzTarPerm extractEntry .idea/workspace.xml
468 silly gunzTarPerm extractEntry conf.json
469 silly gunzTarPerm extractEntry test_boot/connect.js
470 silly gunzTarPerm extractEntry lib/internal.js
471 silly gunzTarPerm modified mode [ 'lib/internal.js', 436, 420 ]
472 silly gunzTarPerm extractEntry lib/schema/array.js
473 silly gunzTarPerm modified mode [ 'lib/schema/array.js', 436, 420 ]
474 silly gunzTarPerm extractEntry test_boot/boot.sh
475 silly gunzTarPerm extractEntry test_boot/ca.pem
476 silly gunzTarPerm extractEntry lib/wireprotocol/2_4_support.js
477 silly gunzTarPerm extractEntry lib/wireprotocol/2_6_support.js
478 silly gunzTarPerm extractEntry lib/wireprotocol/3_2_support.js
479 silly gunzTarPerm extractEntry lib/wireprotocol/commands.js
480 silly gunzTarPerm extractEntry simple_2_document_limit_toArray.dat
481 silly gunzTarPerm extractEntry TESTING.md
482 silly gunzTarPerm extractEntry test_boot/client.pem
483 silly gunzTarPerm extractEntry lib/schema/buffer.js
484 silly gunzTarPerm modified mode [ 'lib/schema/buffer.js', 436, 420 ]
485 silly gunzTarPerm extractEntry lib/schema/date.js
486 silly gunzTarPerm modified mode [ 'lib/schema/date.js', 436, 420 ]
487 silly gunzTarPerm extractEntry test_boot/client_password.pem
488 silly gunzTarPerm extractEntry test_boot/data/collection-0-757073248613337118.wt
489 silly gunzTarPerm extractEntry lib/schema/documentarray.js
490 silly gunzTarPerm modified mode [ 'lib/schema/documentarray.js', 436, 420 ]
491 silly gunzTarPerm extractEntry lib/schema/embedded.js
492 silly gunzTarPerm modified mode [ 'lib/schema/embedded.js', 436, 420 ]
493 silly gunzTarPerm extractEntry test_boot/data/WiredTiger
494 silly gunzTarPerm extractEntry test_boot/data/WiredTiger.turtle
495 silly gunzTarPerm extractEntry lib/schema/boolean.js
496 silly gunzTarPerm modified mode [ 'lib/schema/boolean.js', 436, 420 ]
497 silly gunzTarPerm extractEntry lib/schema/mixed.js
498 silly gunzTarPerm modified mode [ 'lib/schema/mixed.js', 436, 420 ]
499 silly gunzTarPerm extractEntry lib/schema/number.js
500 silly gunzTarPerm modified mode [ 'lib/schema/number.js', 436, 420 ]
501 silly gunzTarPerm extractEntry lib/schema/objectid.js
502 silly gunzTarPerm modified mode [ 'lib/schema/objectid.js', 436, 420 ]
503 silly gunzTarPerm extractEntry lib/schema/string.js
504 silly gunzTarPerm modified mode [ 'lib/schema/string.js', 436, 420 ]
505 silly gunzTarPerm extractEntry test_boot/data/WiredTiger.wt
506 silly gunzTarPerm extractEntry test_boot/data/WiredTigerLAS.wt
507 silly gunzTarPerm extractEntry test_boot/data/_mdb_catalog.wt
508 silly gunzTarPerm extractEntry lib/schema/index.js
509 silly gunzTarPerm modified mode [ 'lib/schema/index.js', 436, 420 ]
510 silly gunzTarPerm extractEntry test_boot/data/WiredTiger.lock
511 silly gunzTarPerm extractEntry lib/schema/operators/bitwise.js
512 silly gunzTarPerm modified mode [ 'lib/schema/operators/bitwise.js', 436, 420 ]
513 silly gunzTarPerm extractEntry lib/services/updateValidators.js
514 silly gunzTarPerm modified mode [ 'lib/services/updateValidators.js', 436, 420 ]
515 silly gunzTarPerm extractEntry test_boot/data/diagnostic.data/metrics.2015-10-07T14-50-41Z-00000
516 silly gunzTarPerm extractEntry test_boot/data/diagnostic.data/metrics.2015-10-07T14-44-37Z-00000
517 silly gunzTarPerm extractEntry lib/error/browserMissingSchema.js
518 silly gunzTarPerm modified mode [ 'lib/error/browserMissingSchema.js', 436, 420 ]
519 silly gunzTarPerm extractEntry lib/error/divergentArray.js
520 silly gunzTarPerm modified mode [ 'lib/error/divergentArray.js', 436, 420 ]
521 silly gunzTarPerm extractEntry test_boot/data/diagnostic.data/metrics.2015-10-07T14-46-31Z-00000
522 silly gunzTarPerm extractEntry test_boot/data/diagnostic.data/metrics.2015-10-07T14-47-25Z-00000
523 silly gunzTarPerm extractEntry lib/error/messages.js
524 silly gunzTarPerm modified mode [ 'lib/error/messages.js', 436, 420 ]
525 silly gunzTarPerm extractEntry lib/error/missingSchema.js
526 silly gunzTarPerm modified mode [ 'lib/error/missingSchema.js', 436, 420 ]
527 silly gunzTarPerm extractEntry test_boot/data/diagnostic.data/metrics.2015-10-07T14-49-07Z-00000
528 silly gunzTarPerm extractEntry test_boot/data/diagnostic.data/metrics.2015-10-07T14-45-15Z-00000
529 silly gunzTarPerm extractEntry lib/error/cast.js
530 silly gunzTarPerm modified mode [ 'lib/error/cast.js', 436, 420 ]
531 silly gunzTarPerm extractEntry lib/error/overwriteModel.js
532 silly gunzTarPerm modified mode [ 'lib/error/overwriteModel.js', 436, 420 ]
533 silly gunzTarPerm extractEntry lib/error/strict.js
534 silly gunzTarPerm modified mode [ 'lib/error/strict.js', 436, 420 ]
535 silly gunzTarPerm extractEntry lib/error/validation.js
536 silly gunzTarPerm modified mode [ 'lib/error/validation.js', 436, 420 ]
537 silly gunzTarPerm extractEntry test_boot/data/diagnostic.data/metrics.2015-10-07T14-50-53Z-00000
538 silly gunzTarPerm extractEntry test_boot/data/diagnostic.data/metrics.2015-10-07T14-52-31Z-00000
539 silly gunzTarPerm extractEntry test_boot/data/diagnostic.data/metrics.2015-10-07T14-54-53Z-00000
540 silly gunzTarPerm extractEntry test_boot/data/diagnostic.data/metrics.2015-10-07T14-55-09Z-00000
541 silly gunzTarPerm extractEntry lib/error/validator.js
542 silly gunzTarPerm modified mode [ 'lib/error/validator.js', 436, 420 ]
543 silly gunzTarPerm extractEntry lib/error/version.js
544 silly gunzTarPerm modified mode [ 'lib/error/version.js', 436, 420 ]
545 silly gunzTarPerm extractEntry lib/error/objectExpected.js
546 silly gunzTarPerm modified mode [ 'lib/error/objectExpected.js', 436, 420 ]
547 silly gunzTarPerm extractEntry lib/types/array.js
548 silly gunzTarPerm modified mode [ 'lib/types/array.js', 436, 420 ]
549 silly gunzTarPerm extractEntry lib/types/buffer.js
550 silly gunzTarPerm modified mode [ 'lib/types/buffer.js', 436, 420 ]
551 silly gunzTarPerm extractEntry test_boot/data/diagnostic.data/metrics.2015-10-07T14-55-38Z-00000
552 silly gunzTarPerm extractEntry test_boot/data/index-1-757073248613337118.wt
553 silly gunzTarPerm extractEntry lib/types/documentarray.js
554 silly gunzTarPerm modified mode [ 'lib/types/documentarray.js', 436, 420 ]
555 silly gunzTarPerm extractEntry test_boot/data/mongod.lock
556 silly gunzTarPerm extractEntry lib/types/embedded.js
557 silly gunzTarPerm modified mode [ 'lib/types/embedded.js', 436, 420 ]
558 silly gunzTarPerm extractEntry lib/types/index.js
559 silly gunzTarPerm modified mode [ 'lib/types/index.js', 436, 420 ]
560 silly gunzTarPerm extractEntry test_boot/data/sizeStorer.wt
561 silly gunzTarPerm extractEntry test_boot/data/storage.bson
562 silly gunzTarPerm extractEntry lib/types/objectid.js
563 silly gunzTarPerm modified mode [ 'lib/types/objectid.js', 436, 420 ]
564 silly gunzTarPerm extractEntry lib/types/subdocument.js
565 silly gunzTarPerm modified mode [ 'lib/types/subdocument.js', 436, 420 ]
566 silly gunzTarPerm extractEntry test_boot/server_password.pem
567 silly gunzTarPerm extractEntry lib/drivers/index.js
568 silly gunzTarPerm modified mode [ 'lib/drivers/index.js', 436, 420 ]
569 silly gunzTarPerm extractEntry lib/drivers/SPEC.md
570 silly gunzTarPerm modified mode [ 'lib/drivers/SPEC.md', 436, 420 ]
571 silly gunzTarPerm extractEntry lib/drivers/browser/ReadPreference.js
572 silly gunzTarPerm modified mode [ 'lib/drivers/browser/ReadPreference.js', 436, 420 ]
573 silly gunzTarPerm extractEntry lib/drivers/browser/binary.js
574 silly gunzTarPerm modified mode [ 'lib/drivers/browser/binary.js', 436, 420 ]
575 silly gunzTarPerm extractEntry lib/drivers/browser/index.js
576 silly gunzTarPerm modified mode [ 'lib/drivers/browser/index.js', 436, 420 ]
577 silly gunzTarPerm extractEntry lib/drivers/browser/objectid.js
578 silly gunzTarPerm modified mode [ 'lib/drivers/browser/objectid.js', 436, 420 ]
579 silly gunzTarPerm extractEntry lib/drivers/node-mongodb-native/ReadPreference.js
580 silly gunzTarPerm modified mode [ 'lib/drivers/node-mongodb-native/ReadPreference.js', 436, 420 ]
581 silly gunzTarPerm extractEntry lib/drivers/node-mongodb-native/binary.js
582 silly gunzTarPerm modified mode [ 'lib/drivers/node-mongodb-native/binary.js', 436, 420 ]
583 silly gunzTarPerm extractEntry lib/drivers/node-mongodb-native/collection.js
584 silly gunzTarPerm modified mode [ 'lib/drivers/node-mongodb-native/collection.js', 436, 420 ]
585 silly gunzTarPerm extractEntry lib/drivers/node-mongodb-native/connection.js
586 silly gunzTarPerm modified mode [ 'lib/drivers/node-mongodb-native/connection.js', 436, 420 ]
587 silly gunzTarPerm extractEntry lib/drivers/node-mongodb-native/index.js
588 silly gunzTarPerm modified mode [ 'lib/drivers/node-mongodb-native/index.js', 436, 420 ]
589 silly gunzTarPerm extractEntry lib/drivers/node-mongodb-native/objectid.js
590 silly gunzTarPerm modified mode [ 'lib/drivers/node-mongodb-native/objectid.js', 436, 420 ]
591 silly gunzTarPerm extractEntry CONTRIBUTING.md
592 silly gunzTarPerm modified mode [ 'CONTRIBUTING.md', 436, 420 ]
593 silly gunzTarPerm extractEntry release-items.md
594 silly gunzTarPerm modified mode [ 'release-items.md', 436, 420 ]
595 silly gunzTarPerm extractEntry History.md
596 silly gunzTarPerm modified mode [ 'History.md', 436, 420 ]
597 silly gunzTarPerm extractEntry examples/README.md
598 silly gunzTarPerm modified mode [ 'examples/README.md', 436, 420 ]
599 silly gunzTarPerm extractEntry examples/doc-methods.js
600 silly gunzTarPerm modified mode [ 'examples/doc-methods.js', 436, 420 ]
601 silly gunzTarPerm extractEntry examples/statics/person.js
602 silly gunzTarPerm modified mode [ 'examples/statics/person.js', 436, 420 ]
603 silly gunzTarPerm extractEntry examples/statics/statics.js
604 silly gunzTarPerm modified mode [ 'examples/statics/statics.js', 436, 420 ]
605 silly gunzTarPerm extractEntry examples/express/README.md
606 silly gunzTarPerm modified mode [ 'examples/express/README.md', 436, 420 ]
607 silly gunzTarPerm extractEntry examples/express/connection-sharing/package.json
608 silly gunzTarPerm modified mode [ 'examples/express/connection-sharing/package.json', 436, 420 ]
609 silly gunzTarPerm extractEntry examples/express/connection-sharing/README.md
610 silly gunzTarPerm modified mode [ 'examples/express/connection-sharing/README.md', 436, 420 ]
611 silly gunzTarPerm extractEntry examples/express/connection-sharing/app.js
612 silly gunzTarPerm modified mode [ 'examples/express/connection-sharing/app.js', 436, 420 ]
613 silly gunzTarPerm extractEntry examples/express/connection-sharing/modelA.js
614 silly gunzTarPerm modified mode [ 'examples/express/connection-sharing/modelA.js', 436, 420 ]
615 silly gunzTarPerm extractEntry examples/express/connection-sharing/routes.js
616 silly gunzTarPerm modified mode [ 'examples/express/connection-sharing/routes.js', 436, 420 ]
617 silly gunzTarPerm extractEntry examples/geospatial/package.json
618 silly gunzTarPerm modified mode [ 'examples/geospatial/package.json', 436, 420 ]
619 silly gunzTarPerm extractEntry examples/geospatial/geoJSONSchema.js
620 silly gunzTarPerm modified mode [ 'examples/geospatial/geoJSONSchema.js', 436, 420 ]
621 silly gunzTarPerm extractEntry examples/geospatial/geoJSONexample.js
622 silly gunzTarPerm modified mode [ 'examples/geospatial/geoJSONexample.js', 436, 420 ]
623 silly gunzTarPerm extractEntry examples/geospatial/geospatial.js
624 silly gunzTarPerm modified mode [ 'examples/geospatial/geospatial.js', 436, 420 ]
625 silly gunzTarPerm extractEntry examples/geospatial/person.js
626 silly gunzTarPerm modified mode [ 'examples/geospatial/person.js', 436, 420 ]
627 silly gunzTarPerm extractEntry examples/globalschemas/gs_example.js
628 silly gunzTarPerm modified mode [ 'examples/globalschemas/gs_example.js', 436, 420 ]
629 silly gunzTarPerm extractEntry examples/globalschemas/person.js
630 silly gunzTarPerm modified mode [ 'examples/globalschemas/person.js', 436, 420 ]
631 silly gunzTarPerm extractEntry examples/lean/package.json
632 silly gunzTarPerm modified mode [ 'examples/lean/package.json', 436, 420 ]
633 silly gunzTarPerm extractEntry examples/lean/lean.js
634 silly gunzTarPerm modified mode [ 'examples/lean/lean.js', 436, 420 ]
635 silly gunzTarPerm extractEntry examples/lean/person.js
636 silly gunzTarPerm modified mode [ 'examples/lean/person.js', 436, 420 ]
637 silly gunzTarPerm extractEntry examples/aggregate/package.json
638 silly gunzTarPerm modified mode [ 'examples/aggregate/package.json', 436, 420 ]
639 silly gunzTarPerm extractEntry examples/aggregate/aggregate.js
640 silly gunzTarPerm modified mode [ 'examples/aggregate/aggregate.js', 436, 420 ]
641 silly gunzTarPerm extractEntry examples/aggregate/person.js
642 silly gunzTarPerm modified mode [ 'examples/aggregate/person.js', 436, 420 ]
643 silly gunzTarPerm extractEntry examples/population/population-across-three-collections.js
644 silly gunzTarPerm modified mode [ 'examples/population/population-across-three-collections.js',
644 silly gunzTarPerm   436,
644 silly gunzTarPerm   420 ]
645 silly gunzTarPerm extractEntry examples/population/population-basic.js
646 silly gunzTarPerm modified mode [ 'examples/population/population-basic.js', 436, 420 ]
647 silly gunzTarPerm extractEntry examples/population/population-of-existing-doc.js
648 silly gunzTarPerm modified mode [ 'examples/population/population-of-existing-doc.js', 436, 420 ]
649 silly gunzTarPerm extractEntry examples/population/population-of-multiple-existing-docs.js
650 silly gunzTarPerm modified mode [ 'examples/population/population-of-multiple-existing-docs.js',
650 silly gunzTarPerm   436,
650 silly gunzTarPerm   420 ]
651 silly gunzTarPerm extractEntry examples/population/population-options.js
652 silly gunzTarPerm modified mode [ 'examples/population/population-options.js', 436, 420 ]
653 silly gunzTarPerm extractEntry examples/population/population-plain-objects.js
654 silly gunzTarPerm modified mode [ 'examples/population/population-plain-objects.js', 436, 420 ]
655 silly gunzTarPerm extractEntry examples/promises/package.json
656 silly gunzTarPerm modified mode [ 'examples/promises/package.json', 436, 420 ]
657 silly gunzTarPerm extractEntry examples/promises/person.js
658 silly gunzTarPerm modified mode [ 'examples/promises/person.js', 436, 420 ]
659 silly gunzTarPerm extractEntry examples/promises/promise.js
660 silly gunzTarPerm modified mode [ 'examples/promises/promise.js', 436, 420 ]
661 silly gunzTarPerm extractEntry examples/querybuilder/package.json
662 silly gunzTarPerm modified mode [ 'examples/querybuilder/package.json', 436, 420 ]
663 silly gunzTarPerm extractEntry examples/querybuilder/person.js
664 silly gunzTarPerm modified mode [ 'examples/querybuilder/person.js', 436, 420 ]
665 silly gunzTarPerm extractEntry examples/querybuilder/querybuilder.js
666 silly gunzTarPerm modified mode [ 'examples/querybuilder/querybuilder.js', 436, 420 ]
667 silly gunzTarPerm extractEntry examples/replicasets/package.json
668 silly gunzTarPerm modified mode [ 'examples/replicasets/package.json', 436, 420 ]
669 silly gunzTarPerm extractEntry examples/replicasets/person.js
670 silly gunzTarPerm modified mode [ 'examples/replicasets/person.js', 436, 420 ]
671 silly gunzTarPerm extractEntry examples/replicasets/replica-sets.js
672 silly gunzTarPerm modified mode [ 'examples/replicasets/replica-sets.js', 436, 420 ]
673 silly gunzTarPerm extractEntry examples/schema/schema.js
674 silly gunzTarPerm modified mode [ 'examples/schema/schema.js', 436, 420 ]
675 silly gunzTarPerm extractEntry examples/schema/storing-schemas-as-json/index.js
676 silly gunzTarPerm modified mode [ 'examples/schema/storing-schemas-as-json/index.js', 436, 420 ]
677 silly gunzTarPerm extractEntry examples/schema/storing-schemas-as-json/schema.json
678 silly gunzTarPerm modified mode [ 'examples/schema/storing-schemas-as-json/schema.json',
678 silly gunzTarPerm   436,
678 silly gunzTarPerm   420 ]
679 silly gunzTarPerm extractEntry examples/mapreduce/package.json
680 silly gunzTarPerm modified mode [ 'examples/mapreduce/package.json', 436, 420 ]
681 silly gunzTarPerm extractEntry examples/mapreduce/mapreduce.js
682 silly gunzTarPerm modified mode [ 'examples/mapreduce/mapreduce.js', 436, 420 ]
683 silly gunzTarPerm extractEntry examples/mapreduce/person.js
684 silly gunzTarPerm modified mode [ 'examples/mapreduce/person.js', 436, 420 ]
685 silly doParallel preinstall 5
686 silly preinstall bson@0.4.21 /Users/Ninico/node_modules/.staging/bson-54df253355e284ac8e668dcc6ccc3c59
687 info lifecycle bson@0.4.21~preinstall: bson@0.4.21
688 silly preinstall mongodb-core@1.2.32 /Users/Ninico/node_modules/.staging/mongodb-core-77030f924c946ad54c0a63241b29caed
689 info lifecycle mongodb-core@1.2.32~preinstall: mongodb-core@1.2.32
690 silly preinstall readable-stream@1.0.31 /Users/Ninico/node_modules/.staging/readable-stream-a0423831ff2c7820535fc1e9ded0753f
691 info lifecycle readable-stream@1.0.31~preinstall: readable-stream@1.0.31
692 silly preinstall mongodb@2.1.4 /Users/Ninico/node_modules/.staging/mongodb-d569981832024b39504f62241f1acd66
693 info lifecycle mongodb@2.1.4~preinstall: mongodb@2.1.4
694 silly preinstall mongoose@4.3.6 /Users/Ninico/node_modules/.staging/mongoose-35330adc9a8725a252e300d6eb22a35c
695 info lifecycle mongoose@4.3.6~preinstall: mongoose@4.3.6
696 silly lifecycle bson@0.4.21~preinstall: no script for preinstall, continuing
697 silly lifecycle mongodb-core@1.2.32~preinstall: no script for preinstall, continuing
698 silly lifecycle readable-stream@1.0.31~preinstall: no script for preinstall, continuing
699 silly lifecycle mongodb@2.1.4~preinstall: no script for preinstall, continuing
700 silly lifecycle mongoose@4.3.6~preinstall: no script for preinstall, continuing
701 silly doReverseSerial remove 0
702 silly doSerial move 0
703 silly doSerial finalize 5
704 silly finalize /Users/Ninico/node_modules/mongoose/node_modules/bson
705 silly finalize /Users/Ninico/node_modules/mongoose/node_modules/mongodb-core
706 silly finalize /Users/Ninico/node_modules/mongoose/node_modules/readable-stream
707 silly finalize /Users/Ninico/node_modules/mongoose/node_modules/mongodb
708 silly finalize /Users/Ninico/node_modules/mongoose
709 verbose unlock done using /Users/Ninico/.npm/_locks/staging-3a59b4174dab866f.lock for /Users/Ninico/node_modules/.staging
710 silly rollbackFailedOptional Starting
711 silly rollbackFailedOptional Finishing
712 silly runTopLevelLifecycles Starting
713 silly runTopLevelLifecycles Finishing
714 silly install printInstalled
715 warn ENOENT ENOENT: no such file or directory, open '/Users/Ninico/package.json'
716 warn EPEERINVALID mongodb-core@1.2.31 requires a peer of kerberos@~0.0 but none was installed.
717 warn EPEERINVALID mongodb-core@1.2.32 requires a peer of kerberos@~0.0 but none was installed.
718 warn EPACKAGEJSON Ninico No description
719 warn EPACKAGEJSON Ninico No repository field.
720 warn EPACKAGEJSON Ninico No README data
721 warn EPACKAGEJSON Ninico No license field.
722 verbose stack Error: ENOTEMPTY: directory not empty, rename '/Users/Ninico/node_modules/mongoose' -> '/Users/Ninico/node_modules/.mongoose.DELETE'
722 verbose stack     at Error (native)
723 verbose cwd /Users/Ninico/imooc_node/schemas
724 error Darwin 15.2.0
725 error argv "/usr/local/bin/node" "/usr/local/bin/npm" "install" "mongoose" "--save"
726 error node v5.3.0
727 error npm  v3.3.12
728 error path /Users/Ninico/node_modules/mongoose
729 error code ENOTEMPTY
730 error errno -66
731 error syscall rename
732 error ENOTEMPTY: directory not empty, rename '/Users/Ninico/node_modules/mongoose' -> '/Users/Ninico/node_modules/.mongoose.DELETE'
733 error If you need help, you may report this error at:
733 error     <https://github.com/npm/npm/issues>
734 verbose exit [ -66, true ]
